Using TensorFlow backend.
landsat4.tif shae (483, 617)
landsat3.tif shae (483, 617)
before landsat4 shape is  (483, 617)
day is  0731
day is  0801
day is  0802
day is  0803
COLLECT DATA SHAPES:  (483, 617) (483, 617) (483, 617) (483, 617) (483, 617) (483, 617) (483, 617) (483, 617)
firetuple shape is  8
toaugment shape  (483, 617, 12)
x is (12, 485, 619)
False
days is  ['0731', '0801', '0802', '0803']
other layers are (485, 619, 4) [[[ nan  nan  nan  nan]
  [ nan  nan  nan  nan]
  [ nan  nan  nan  nan]
  ..., 
  [ nan  nan  nan  nan]
  [ nan  nan  nan  nan]
  [ nan  nan  nan  nan]]

 [[ nan  nan  nan  nan]
  [ nan  nan  nan  nan]
  [ nan  nan  nan  nan]
  ..., 
  [ nan  nan  nan  nan]
  [ nan  nan  nan  nan]
  [ nan  nan  nan  nan]]

 [[ nan  nan  nan  nan]
  [ nan  nan  nan  nan]
  [ nan  nan  nan  nan]
  ..., 
  [ nan  nan  nan  nan]
  [ nan  nan  nan  nan]
  [ nan  nan  nan  nan]]

 ..., 
 [[ nan  nan  nan  nan]
  [ nan  nan  nan  nan]
  [ nan  nan  nan  nan]
  ..., 
  [ nan  nan  nan  nan]
  [ nan  nan  nan  nan]
  [ nan  nan  nan  nan]]

 [[ nan  nan  nan  nan]
  [ nan  nan  nan  nan]
  [ nan  nan  nan  nan]
  ..., 
  [ nan  nan  nan  nan]
  [ nan  nan  nan  nan]
  [ nan  nan  nan  nan]]

 [[ nan  nan  nan  nan]
  [ nan  nan  nan  nan]
  [ nan  nan  nan  nan]
  ..., 
  [ nan  nan  nan  nan]
  [ nan  nan  nan  nan]
  [ nan  nan  nan  nan]]]
landsat shape is  (485, 619, 4)
[[[ nan  nan  nan  nan]
  [ nan  nan  nan  nan]
  [ nan  nan  nan  nan]
  ..., 
  [ nan  nan  nan  nan]
  [ nan  nan  nan  nan]
  [ nan  nan  nan  nan]]

 [[ nan  nan  nan  nan]
  [ nan  nan  nan  nan]
  [ nan  nan  nan  nan]
  ..., 
  [ nan  nan  nan  nan]
  [ nan  nan  nan  nan]
  [ nan  nan  nan  nan]]

 [[ nan  nan  nan  nan]
  [ nan  nan  nan  nan]
  [ nan  nan  nan  nan]
  ..., 
  [ nan  nan  nan  nan]
  [ nan  nan  nan  nan]
  [ nan  nan  nan  nan]]

 ..., 
 [[ nan  nan  nan  nan]
  [ nan  nan  nan  nan]
  [ nan  nan  nan  nan]
  ..., 
  [ nan  nan  nan  nan]
  [ nan  nan  nan  nan]
  [ nan  nan  nan  nan]]

 [[ nan  nan  nan  nan]
  [ nan  nan  nan  nan]
  [ nan  nan  nan  nan]
  ..., 
  [ nan  nan  nan  nan]
  [ nan  nan  nan  nan]
  [ nan  nan  nan  nan]]

 [[ nan  nan  nan  nan]
  [ nan  nan  nan  nan]
  [ nan  nan  nan  nan]
  ..., 
  [ nan  nan  nan  nan]
  [ nan  nan  nan  nan]
  [ nan  nan  nan  nan]]]
current dir is  ['.DS_Store', 'main.sbatch', 'output.zip', 'band2lookatthis.csv', 'loadmodules.sh', '.gitignore', 'res.csv', 'main.py', 'landsatrightbeforesavetif.csv', 'view.py', 'augment_output.out', '.git', 'landsat2directlyafterrandomtransformcall.csv', 'README.md', 'augment.py', 'lib', 'data', 'main_out.out', 'models', 'output', 'augment.sbatch', '._main.py']
datatype of saveimg is  float32
to save shape is (485, 619)
max is  3.40282e+38
after conversions [[  3.40282347e+38   3.40282347e+38   3.40282347e+38 ...,   3.40282347e+38
    3.40282347e+38   3.40282347e+38]
 [  3.40282347e+38   3.40282347e+38   3.40282347e+38 ...,   3.40282347e+38
    3.40282347e+38   3.40282347e+38]
 [  3.40282347e+38   3.40282347e+38   3.40282347e+38 ...,   3.40282347e+38
    3.40282347e+38   3.40282347e+38]
 ..., 
 [  3.40282347e+38   3.40282347e+38   3.40282347e+38 ...,   3.40282347e+38
    3.40282347e+38   3.40282347e+38]
 [  3.40282347e+38   3.40282347e+38   3.40282347e+38 ...,   3.40282347e+38
    3.40282347e+38   3.40282347e+38]
 [  3.40282347e+38   3.40282347e+38   3.40282347e+38 ...,   3.40282347e+38
    3.40282347e+38   3.40282347e+38]]
datatype of saveimg is  float32
to save shape is (485, 619)
max is  3.40282e+38
after conversions [[  3.40282347e+38   3.40282347e+38   3.40282347e+38 ...,   3.40282347e+38
    3.40282347e+38   3.40282347e+38]
 [  3.40282347e+38   3.40282347e+38   3.40282347e+38 ...,   3.40282347e+38
    3.40282347e+38   3.40282347e+38]
 [  3.40282347e+38   3.40282347e+38   3.40282347e+38 ...,   3.40282347e+38
    3.40282347e+38   3.40282347e+38]
 ..., 
 [  3.40282347e+38   3.40282347e+38   3.40282347e+38 ...,   3.40282347e+38
    3.40282347e+38   3.40282347e+38]
 [  3.40282347e+38   3.40282347e+38   3.40282347e+38 ...,   3.40282347e+38
    3.40282347e+38   3.40282347e+38]
 [  3.40282347e+38   3.40282347e+38   3.40282347e+38 ...,   3.40282347e+38
    3.40282347e+38   3.40282347e+38]]
datatype of saveimg is  float32
to save shape is (485, 619)
max is  3.40282e+38
after conversions [[  3.40282347e+38   3.40282347e+38   3.40282347e+38 ...,   3.40282347e+38
    3.40282347e+38   3.40282347e+38]
 [  3.40282347e+38   3.40282347e+38   3.40282347e+38 ...,   3.40282347e+38
    3.40282347e+38   3.40282347e+38]
 [  3.40282347e+38   3.40282347e+38   3.40282347e+38 ...,   3.40282347e+38
    3.40282347e+38   3.40282347e+38]
 ..., 
 [  3.40282347e+38   3.40282347e+38   3.40282347e+38 ...,   3.40282347e+38
    3.40282347e+38   3.40282347e+38]
 [  3.40282347e+38   3.40282347e+38   3.40282347e+38 ...,   3.40282347e+38
    3.40282347e+38   3.40282347e+38]
 [  3.40282347e+38   3.40282347e+38   3.40282347e+38 ...,   3.40282347e+38
    3.40282347e+38   3.40282347e+38]]
datatype of saveimg is  float32
to save shape is (485, 619)
max is  3.40282e+38
after conversions [[  3.40282347e+38   3.40282347e+38   3.40282347e+38 ...,   3.40282347e+38
    3.40282347e+38   3.40282347e+38]
 [  3.40282347e+38   3.40282347e+38   3.40282347e+38 ...,   3.40282347e+38
    3.40282347e+38   3.40282347e+38]
 [  3.40282347e+38   3.40282347e+38   3.40282347e+38 ...,   3.40282347e+38
    3.40282347e+38   3.40282347e+38]
 ..., 
 [  3.40282347e+38   3.40282347e+38   3.40282347e+38 ...,   3.40282347e+38
    3.40282347e+38   3.40282347e+38]
 [  3.40282347e+38   3.40282347e+38   3.40282347e+38 ...,   3.40282347e+38
    3.40282347e+38   3.40282347e+38]
 [  3.40282347e+38   3.40282347e+38   3.40282347e+38 ...,   3.40282347e+38
    3.40282347e+38   3.40282347e+38]]
datatype of saveimg is  float32
to save shape is (485, 619)
max is  3.40282e+38
after conversions [[  3.40282347e+38   3.40282347e+38   3.40282347e+38 ...,   3.40282347e+38
    3.40282347e+38   3.40282347e+38]
 [  3.40282347e+38   3.40282347e+38   3.40282347e+38 ...,   3.40282347e+38
    3.40282347e+38   3.40282347e+38]
 [  3.40282347e+38   3.40282347e+38   3.40282347e+38 ...,   3.40282347e+38
    3.40282347e+38   3.40282347e+38]
 ..., 
 [  3.40282347e+38   3.40282347e+38   3.40282347e+38 ...,   3.40282347e+38
    3.40282347e+38   3.40282347e+38]
 [  3.40282347e+38   3.40282347e+38   3.40282347e+38 ...,   3.40282347e+38
    3.40282347e+38   3.40282347e+38]
 [  3.40282347e+38   3.40282347e+38   3.40282347e+38 ...,   3.40282347e+38
    3.40282347e+38   3.40282347e+38]]
datatype of saveimg is  float32
to save shape is (485, 619)
max is  3.40282e+38
after conversions [[  3.40282347e+38   3.40282347e+38   3.40282347e+38 ...,   3.40282347e+38
    3.40282347e+38   3.40282347e+38]
 [  3.40282347e+38   3.40282347e+38   3.40282347e+38 ...,   3.40282347e+38
    3.40282347e+38   3.40282347e+38]
 [  3.40282347e+38   3.40282347e+38   3.40282347e+38 ...,   3.40282347e+38
    3.40282347e+38   3.40282347e+38]
 ..., 
 [  3.40282347e+38   3.40282347e+38   3.40282347e+38 ...,   3.40282347e+38
    3.40282347e+38   3.40282347e+38]
 [  3.40282347e+38   3.40282347e+38   3.40282347e+38 ...,   3.40282347e+38
    3.40282347e+38   3.40282347e+38]
 [  3.40282347e+38   3.40282347e+38   3.40282347e+38 ...,   3.40282347e+38
    3.40282347e+38   3.40282347e+38]]
datatype of saveimg is  float32
to save shape is (485, 619)
max is  3.40282e+38
after conversions [[  3.40282347e+38   3.40282347e+38   3.40282347e+38 ...,   3.40282347e+38
    3.40282347e+38   3.40282347e+38]
 [  3.40282347e+38   3.40282347e+38   3.40282347e+38 ...,   3.40282347e+38
    3.40282347e+38   3.40282347e+38]
 [  3.40282347e+38   3.40282347e+38   3.40282347e+38 ...,   3.40282347e+38
    3.40282347e+38   3.40282347e+38]
 ..., 
 [  3.40282347e+38   3.40282347e+38   3.40282347e+38 ...,   3.40282347e+38
    3.40282347e+38   3.40282347e+38]
 [  3.40282347e+38   3.40282347e+38   3.40282347e+38 ...,   3.40282347e+38
    3.40282347e+38   3.40282347e+38]
 [  3.40282347e+38   3.40282347e+38   3.40282347e+38 ...,   3.40282347e+38
    3.40282347e+38   3.40282347e+38]]
datatype of saveimg is  float32
to save shape is (485, 619)
max is  3.40282e+38
after conversions [[  3.40282347e+38   3.40282347e+38   3.40282347e+38 ...,   3.40282347e+38
    3.40282347e+38   3.40282347e+38]
 [  3.40282347e+38   3.40282347e+38   3.40282347e+38 ...,   3.40282347e+38
    3.40282347e+38   3.40282347e+38]
 [  3.40282347e+38   3.40282347e+38   3.40282347e+38 ...,   3.40282347e+38
    3.40282347e+38   3.40282347e+38]
 ..., 
 [  3.40282347e+38   3.40282347e+38   3.40282347e+38 ...,   3.40282347e+38
    3.40282347e+38   3.40282347e+38]
 [  3.40282347e+38   3.40282347e+38   3.40282347e+38 ...,   3.40282347e+38
    3.40282347e+38   3.40282347e+38]
 [  3.40282347e+38   3.40282347e+38   3.40282347e+38 ...,   3.40282347e+38
    3.40282347e+38   3.40282347e+38]]
datatype of saveimg is  float32
to save shape is (485, 619)
max is  3.40282e+38
after conversions [[  3.40282347e+38   3.40282347e+38   3.40282347e+38 ...,   3.40282347e+38
    3.40282347e+38   3.40282347e+38]
 [  3.40282347e+38   3.40282347e+38   3.40282347e+38 ...,   3.40282347e+38
    3.40282347e+38   3.40282347e+38]
 [  3.40282347e+38   3.40282347e+38   3.40282347e+38 ...,   3.40282347e+38
    3.40282347e+38   3.40282347e+38]
 ..., 
 [  3.40282347e+38   3.40282347e+38   3.40282347e+38 ...,   3.40282347e+38
    3.40282347e+38   3.40282347e+38]
 [  3.40282347e+38   3.40282347e+38   3.40282347e+38 ...,   3.40282347e+38
    3.40282347e+38   3.40282347e+38]
 [  3.40282347e+38   3.40282347e+38   3.40282347e+38 ...,   3.40282347e+38
    3.40282347e+38   3.40282347e+38]]
datatype of saveimg is  float32
to save shape is (485, 619)
max is  3.40282e+38
after conversions [[  3.40282347e+38   3.40282347e+38   3.40282347e+38 ...,   3.40282347e+38
    3.40282347e+38   3.40282347e+38]
 [  3.40282347e+38   3.40282347e+38   3.40282347e+38 ...,   3.40282347e+38
    3.40282347e+38   3.40282347e+38]
 [  3.40282347e+38   3.40282347e+38   3.40282347e+38 ...,   3.40282347e+38
    3.40282347e+38   3.40282347e+38]
 ..., 
 [  3.40282347e+38   3.40282347e+38   3.40282347e+38 ...,   3.40282347e+38
    3.40282347e+38   3.40282347e+38]
 [  3.40282347e+38   3.40282347e+38   3.40282347e+38 ...,   3.40282347e+38
    3.40282347e+38   3.40282347e+38]
 [  3.40282347e+38   3.40282347e+38   3.40282347e+38 ...,   3.40282347e+38
    3.40282347e+38   3.40282347e+38]]
datatype of saveimg is  float32
to save shape is (485, 619)
max is  3.40282e+38
after conversions [[  3.40282347e+38   3.40282347e+38   3.40282347e+38 ...,   3.40282347e+38
    3.40282347e+38   3.40282347e+38]
 [  3.40282347e+38   3.40282347e+38   3.40282347e+38 ...,   3.40282347e+38
    3.40282347e+38   3.40282347e+38]
 [  3.40282347e+38   3.40282347e+38   3.40282347e+38 ...,   3.40282347e+38
    3.40282347e+38   3.40282347e+38]
 ..., 
 [  3.40282347e+38   3.40282347e+38   3.40282347e+38 ...,   3.40282347e+38
    3.40282347e+38   3.40282347e+38]
 [  3.40282347e+38   3.40282347e+38   3.40282347e+38 ...,   3.40282347e+38
    3.40282347e+38   3.40282347e+38]
 [  3.40282347e+38   3.40282347e+38   3.40282347e+38 ...,   3.40282347e+38
    3.40282347e+38   3.40282347e+38]]
done with 1+++++++++++++++++++++++++++++++++++++++++++++++++++
landsat4.tif shae (215, 267)
landsat3.tif shae (215, 267)
before landsat4 shape is  (215, 267)
day is  0711
day is  0712
day is  0713
day is  0714
COLLECT DATA SHAPES:  (215, 267) (215, 267) (215, 267) (215, 267) (215, 267) (215, 267) (215, 267) (215, 267)
firetuple shape is  8
toaugment shape  (215, 267, 12)
x is (12, 217, 269)
False
days is  ['0711', '0712', '0713', '0714']
other layers are (217, 269, 4) [[[ nan  nan  nan  nan]
  [ nan  nan  nan  nan]
  [ nan  nan  nan  nan]
  ..., 
  [ nan  nan  nan  nan]
  [ nan  nan  nan  nan]
  [ nan  nan  nan  nan]]

 [[ nan  nan  nan  nan]
  [ nan  nan  nan  nan]
  [ nan  nan  nan  nan]
  ..., 
  [ nan  nan  nan  nan]
  [ nan  nan  nan  nan]
  [ nan  nan  nan  nan]]

 [[ nan  nan  nan  nan]
  [ nan  nan  nan  nan]
  [ nan  nan  nan  nan]
  ..., 
  [ nan  nan  nan  nan]
  [ nan  nan  nan  nan]
  [ nan  nan  nan  nan]]

 ..., 
 [[ nan  nan  nan  nan]
  [ nan  nan  nan  nan]
  [ nan  nan  nan  nan]
  ..., 
  [ nan  nan  nan  nan]
  [ nan  nan  nan  nan]
  [ nan  nan  nan  nan]]

 [[ nan  nan  nan  nan]
  [ nan  nan  nan  nan]
  [ nan  nan  nan  nan]
  ..., 
  [ nan  nan  nan  nan]
  [ nan  nan  nan  nan]
  [ nan  nan  nan  nan]]

 [[ nan  nan  nan  nan]
  [ nan  nan  nan  nan]
  [ nan  nan  nan  nan]
  ..., 
  [ nan  nan  nan  nan]
  [ nan  nan  nan  nan]
  [ nan  nan  nan  nan]]]
landsat shape is  (217, 269, 4)
[[[ nan  nan  nan  nan]
  [ nan  nan  nan  nan]
  [ nan  nan  nan  nan]
  ..., 
  [ nan  nan  nan  nan]
  [ nan  nan  nan  nan]
  [ nan  nan  nan  nan]]

 [[ nan  nan  nan  nan]
  [ nan  nan  nan  nan]
  [ nan  nan  nan  nan]
  ..., 
  [ nan  nan  nan  nan]
  [ nan  nan  nan  nan]
  [ nan  nan  nan  nan]]

 [[ nan  nan  nan  nan]
  [ nan  nan  nan  nan]
  [ nan  nan  nan  nan]
  ..., 
  [ nan  nan  nan  nan]
  [ nan  nan  nan  nan]
  [ nan  nan  nan  nan]]

 ..., 
 [[ nan  nan  nan  nan]
  [ nan  nan  nan  nan]
  [ nan  nan  nan  nan]
  ..., 
  [ nan  nan  nan  nan]
  [ nan  nan  nan  nan]
  [ nan  nan  nan  nan]]

 [[ nan  nan  nan  nan]
  [ nan  nan  nan  nan]
  [ nan  nan  nan  nan]
  ..., 
  [ nan  nan  nan  nan]
  [ nan  nan  nan  nan]
  [ nan  nan  nan  nan]]

 [[ nan  nan  nan  nan]
  [ nan  nan  nan  nan]
  [ nan  nan  nan  nan]
  ..., 
  [ nan  nan  nan  nan]
  [ nan  nan  nan  nan]
  [ nan  nan  nan  nan]]]
current dir is  ['.DS_Store', 'main.sbatch', 'output.zip', 'band2lookatthis.csv', 'loadmodules.sh', '.gitignore', 'res.csv', 'main.py', 'landsatrightbeforesavetif.csv', 'view.py', 'augment_output.out', '.git', 'landsat2directlyafterrandomtransformcall.csv', 'README.md', 'augment.py', 'lib', 'data', 'main_out.out', 'models', 'output', 'augment.sbatch', '._main.py']
datatype of saveimg is  float32
to save shape is (217, 269)
max is  3.40282e+38
after conversions [[  3.40282347e+38   3.40282347e+38   3.40282347e+38 ...,   3.40282347e+38
    3.40282347e+38   3.40282347e+38]
 [  3.40282347e+38   3.40282347e+38   3.40282347e+38 ...,   3.40282347e+38
    3.40282347e+38   3.40282347e+38]
 [  3.40282347e+38   3.40282347e+38   3.40282347e+38 ...,   3.40282347e+38
    3.40282347e+38   3.40282347e+38]
 ..., 
 [  3.40282347e+38   3.40282347e+38   3.40282347e+38 ...,   3.40282347e+38
    3.40282347e+38   3.40282347e+38]
 [  3.40282347e+38   3.40282347e+38   3.40282347e+38 ...,   3.40282347e+38
    3.40282347e+38   3.40282347e+38]
 [  3.40282347e+38   3.40282347e+38   3.40282347e+38 ...,   3.40282347e+38
    3.40282347e+38   3.40282347e+38]]
datatype of saveimg is  float32
to save shape is (217, 269)
max is  3.40282e+38
after conversions [[  3.40282347e+38   3.40282347e+38   3.40282347e+38 ...,   3.40282347e+38
    3.40282347e+38   3.40282347e+38]
 [  3.40282347e+38   3.40282347e+38   3.40282347e+38 ...,   3.40282347e+38
    3.40282347e+38   3.40282347e+38]
 [  3.40282347e+38   3.40282347e+38   3.40282347e+38 ...,   3.40282347e+38
    3.40282347e+38   3.40282347e+38]
 ..., 
 [  3.40282347e+38   3.40282347e+38   3.40282347e+38 ...,   3.40282347e+38
    3.40282347e+38   3.40282347e+38]
 [  3.40282347e+38   3.40282347e+38   3.40282347e+38 ...,   3.40282347e+38
    3.40282347e+38   3.40282347e+38]
 [  3.40282347e+38   3.40282347e+38   3.40282347e+38 ...,   3.40282347e+38
    3.40282347e+38   3.40282347e+38]]
datatype of saveimg is  float32
to save shape is (217, 269)
max is  3.40282e+38
after conversions [[  3.40282347e+38   3.40282347e+38   3.40282347e+38 ...,   3.40282347e+38
    3.40282347e+38   3.40282347e+38]
 [  3.40282347e+38   3.40282347e+38   3.40282347e+38 ...,   3.40282347e+38
    3.40282347e+38   3.40282347e+38]
 [  3.40282347e+38   3.40282347e+38   3.40282347e+38 ...,   3.40282347e+38
    3.40282347e+38   3.40282347e+38]
 ..., 
 [  3.40282347e+38   3.40282347e+38   3.40282347e+38 ...,   3.40282347e+38
    3.40282347e+38   3.40282347e+38]
 [  3.40282347e+38   3.40282347e+38   3.40282347e+38 ...,   3.40282347e+38
    3.40282347e+38   3.40282347e+38]
 [  3.40282347e+38   3.40282347e+38   3.40282347e+38 ...,   3.40282347e+38
    3.40282347e+38   3.40282347e+38]]
datatype of saveimg is  float32
to save shape is (217, 269)
max is  3.40282e+38
after conversions [[  3.40282347e+38   3.40282347e+38   3.40282347e+38 ...,   3.40282347e+38
    3.40282347e+38   3.40282347e+38]
 [  3.40282347e+38   3.40282347e+38   3.40282347e+38 ...,   3.40282347e+38
    3.40282347e+38   3.40282347e+38]
 [  3.40282347e+38   3.40282347e+38   3.40282347e+38 ...,   3.40282347e+38
    3.40282347e+38   3.40282347e+38]
 ..., 
 [  3.40282347e+38   3.40282347e+38   3.40282347e+38 ...,   3.40282347e+38
    3.40282347e+38   3.40282347e+38]
 [  3.40282347e+38   3.40282347e+38   3.40282347e+38 ...,   3.40282347e+38
    3.40282347e+38   3.40282347e+38]
 [  3.40282347e+38   3.40282347e+38   3.40282347e+38 ...,   3.40282347e+38
    3.40282347e+38   3.40282347e+38]]
datatype of saveimg is  float32
to save shape is (217, 269)
max is  3.40282e+38
after conversions [[  3.40282347e+38   3.40282347e+38   3.40282347e+38 ...,   3.40282347e+38
    3.40282347e+38   3.40282347e+38]
 [  3.40282347e+38   3.40282347e+38   3.40282347e+38 ...,   3.40282347e+38
    3.40282347e+38   3.40282347e+38]
 [  3.40282347e+38   3.40282347e+38   3.40282347e+38 ...,   3.40282347e+38
    3.40282347e+38   3.40282347e+38]
 ..., 
 [  3.40282347e+38   3.40282347e+38   3.40282347e+38 ...,   3.40282347e+38
    3.40282347e+38   3.40282347e+38]
 [  3.40282347e+38   3.40282347e+38   3.40282347e+38 ...,   3.40282347e+38
    3.40282347e+38   3.40282347e+38]
 [  3.40282347e+38   3.40282347e+38   3.40282347e+38 ...,   3.40282347e+38
    3.40282347e+38   3.40282347e+38]]
datatype of saveimg is  float32
to save shape is (217, 269)
max is  3.40282e+38
after conversions [[  3.40282347e+38   3.40282347e+38   3.40282347e+38 ...,   3.40282347e+38
    3.40282347e+38   3.40282347e+38]
 [  3.40282347e+38   3.40282347e+38   3.40282347e+38 ...,   3.40282347e+38
    3.40282347e+38   3.40282347e+38]
 [  3.40282347e+38   3.40282347e+38   3.40282347e+38 ...,   3.40282347e+38
    3.40282347e+38   3.40282347e+38]
 ..., 
 [  3.40282347e+38   3.40282347e+38   3.40282347e+38 ...,   3.40282347e+38
    3.40282347e+38   3.40282347e+38]
 [  3.40282347e+38   3.40282347e+38   3.40282347e+38 ...,   3.40282347e+38
    3.40282347e+38   3.40282347e+38]
 [  3.40282347e+38   3.40282347e+38   3.40282347e+38 ...,   3.40282347e+38
    3.40282347e+38   3.40282347e+38]]
datatype of saveimg is  float32
to save shape is (217, 269)
max is  3.40282e+38
after conversions [[  3.40282347e+38   3.40282347e+38   3.40282347e+38 ...,   3.40282347e+38
    3.40282347e+38   3.40282347e+38]
 [  3.40282347e+38   3.40282347e+38   3.40282347e+38 ...,   3.40282347e+38
    3.40282347e+38   3.40282347e+38]
 [  3.40282347e+38   3.40282347e+38   3.40282347e+38 ...,   3.40282347e+38
    3.40282347e+38   3.40282347e+38]
 ..., 
 [  3.40282347e+38   3.40282347e+38   3.40282347e+38 ...,   3.40282347e+38
    3.40282347e+38   3.40282347e+38]
 [  3.40282347e+38   3.40282347e+38   3.40282347e+38 ...,   3.40282347e+38
    3.40282347e+38   3.40282347e+38]
 [  3.40282347e+38   3.40282347e+38   3.40282347e+38 ...,   3.40282347e+38
    3.40282347e+38   3.40282347e+38]]
datatype of saveimg is  float32
to save shape is (217, 269)
max is  3.40282e+38
after conversions [[  3.40282347e+38   3.40282347e+38   3.40282347e+38 ...,   3.40282347e+38
    3.40282347e+38   3.40282347e+38]
 [  3.40282347e+38   3.40282347e+38   3.40282347e+38 ...,   3.40282347e+38
    3.40282347e+38   3.40282347e+38]
 [  3.40282347e+38   3.40282347e+38   3.40282347e+38 ...,   3.40282347e+38
    3.40282347e+38   3.40282347e+38]
 ..., 
 [  3.40282347e+38   3.40282347e+38   3.40282347e+38 ...,   3.40282347e+38
    3.40282347e+38   3.40282347e+38]
 [  3.40282347e+38   3.40282347e+38   3.40282347e+38 ...,   3.40282347e+38
    3.40282347e+38   3.40282347e+38]
 [  3.40282347e+38   3.40282347e+38   3.40282347e+38 ...,   3.40282347e+38
    3.40282347e+38   3.40282347e+38]]
datatype of saveimg is  float32
to save shape is (217, 269)
max is  3.40282e+38
after conversions [[  3.40282347e+38   3.40282347e+38   3.40282347e+38 ...,   3.40282347e+38
    3.40282347e+38   3.40282347e+38]
 [  3.40282347e+38   3.40282347e+38   3.40282347e+38 ...,   3.40282347e+38
    3.40282347e+38   3.40282347e+38]
 [  3.40282347e+38   3.40282347e+38   3.40282347e+38 ...,   3.40282347e+38
    3.40282347e+38   3.40282347e+38]
 ..., 
 [  3.40282347e+38   3.40282347e+38   3.40282347e+38 ...,   3.40282347e+38
    3.40282347e+38   3.40282347e+38]
 [  3.40282347e+38   3.40282347e+38   3.40282347e+38 ...,   3.40282347e+38
    3.40282347e+38   3.40282347e+38]
 [  3.40282347e+38   3.40282347e+38   3.40282347e+38 ...,   3.40282347e+38
    3.40282347e+38   3.40282347e+38]]
datatype of saveimg is  float32
to save shape is (217, 269)
max is  3.40282e+38
after conversions [[  3.40282347e+38   3.40282347e+38   3.40282347e+38 ...,   3.40282347e+38
    3.40282347e+38   3.40282347e+38]
 [  3.40282347e+38   3.40282347e+38   3.40282347e+38 ...,   3.40282347e+38
    3.40282347e+38   3.40282347e+38]
 [  3.40282347e+38   3.40282347e+38   3.40282347e+38 ...,   3.40282347e+38
    3.40282347e+38   3.40282347e+38]
 ..., 
 [  3.40282347e+38   3.40282347e+38   3.40282347e+38 ...,   3.40282347e+38
    3.40282347e+38   3.40282347e+38]
 [  3.40282347e+38   3.40282347e+38   3.40282347e+38 ...,   3.40282347e+38
    3.40282347e+38   3.40282347e+38]
 [  3.40282347e+38   3.40282347e+38   3.40282347e+38 ...,   3.40282347e+38
    3.40282347e+38   3.40282347e+38]]
datatype of saveimg is  float32
to save shape is (217, 269)
max is  3.40282e+38
after conversions [[  3.40282347e+38   3.40282347e+38   3.40282347e+38 ...,   3.40282347e+38
    3.40282347e+38   3.40282347e+38]
 [  3.40282347e+38   3.40282347e+38   3.40282347e+38 ...,   3.40282347e+38
    3.40282347e+38   3.40282347e+38]
 [  3.40282347e+38   3.40282347e+38   3.40282347e+38 ...,   3.40282347e+38
    3.40282347e+38   3.40282347e+38]
 ..., 
 [  3.40282347e+38   3.40282347e+38   3.40282347e+38 ...,   3.40282347e+38
    3.40282347e+38   3.40282347e+38]
 [  3.40282347e+38   3.40282347e+38   3.40282347e+38 ...,   3.40282347e+38
    3.40282347e+38   3.40282347e+38]
 [  3.40282347e+38   3.40282347e+38   3.40282347e+38 ...,   3.40282347e+38
    3.40282347e+38   3.40282347e+38]]
done with 1+++++++++++++++++++++++++++++++++++++++++++++++++++
landsat4.tif shae (1307, 1190)
landsat3.tif shae (1307, 1190)
before landsat4 shape is  (1307, 1190)
day is  0712
day is  0713
day is  0714
day is  0715
day is  0716
day is  0717
day is  0718
day is  0719
COLLECT DATA SHAPES:  (1307, 1190) (1307, 1190) (1307, 1190) (1307, 1190) (1307, 1190) (1307, 1190) (1307, 1190) (1307, 1190)
firetuple shape is  8
toaugment shape  (1307, 1190, 16)
x is (16, 1309, 1192)
False
days is  ['0712', '0713', '0714', '0715', '0716', '0717', '0718', '0719']
other layers are (1309, 1192, 8) [[[ nan  nan  nan ...,  nan  nan  nan]
  [ nan  nan  nan ...,  nan  nan  nan]
  [ nan  nan  nan ...,  nan  nan  nan]
  ..., 
  [ nan  nan  nan ...,  nan  nan  nan]
  [ nan  nan  nan ...,  nan  nan  nan]
  [ nan  nan  nan ...,  nan  nan  nan]]

 [[ nan  nan  nan ...,  nan  nan  nan]
  [ nan  nan  nan ...,  nan  nan  nan]
  [ nan  nan  nan ...,  nan  nan  nan]
  ..., 
  [ nan  nan  nan ...,  nan  nan  nan]
  [ nan  nan  nan ...,  nan  nan  nan]
  [ nan  nan  nan ...,  nan  nan  nan]]

 [[ nan  nan  nan ...,  nan  nan  nan]
  [ nan  nan  nan ...,  nan  nan  nan]
  [ nan  nan  nan ...,  nan  nan  nan]
  ..., 
  [ nan  nan  nan ...,  nan  nan  nan]
  [ nan  nan  nan ...,  nan  nan  nan]
  [ nan  nan  nan ...,  nan  nan  nan]]

 ..., 
 [[ nan  nan  nan ...,  nan  nan  nan]
  [ nan  nan  nan ...,  nan  nan  nan]
  [ nan  nan  nan ...,  nan  nan  nan]
  ..., 
  [ nan  nan  nan ...,  nan  nan  nan]
  [ nan  nan  nan ...,  nan  nan  nan]
  [ nan  nan  nan ...,  nan  nan  nan]]

 [[ nan  nan  nan ...,  nan  nan  nan]
  [ nan  nan  nan ...,  nan  nan  nan]
  [ nan  nan  nan ...,  nan  nan  nan]
  ..., 
  [ nan  nan  nan ...,  nan  nan  nan]
  [ nan  nan  nan ...,  nan  nan  nan]
  [ nan  nan  nan ...,  nan  nan  nan]]

 [[ nan  nan  nan ...,  nan  nan  nan]
  [ nan  nan  nan ...,  nan  nan  nan]
  [ nan  nan  nan ...,  nan  nan  nan]
  ..., 
  [ nan  nan  nan ...,  nan  nan  nan]
  [ nan  nan  nan ...,  nan  nan  nan]
  [ nan  nan  nan ...,  nan  nan  nan]]]
landsat shape is  (1309, 1192, 4)
[[[ nan  nan  nan  nan]
  [ nan  nan  nan  nan]
  [ nan  nan  nan  nan]
  ..., 
  [ nan  nan  nan  nan]
  [ nan  nan  nan  nan]
  [ nan  nan  nan  nan]]

 [[ nan  nan  nan  nan]
  [ nan  nan  nan  nan]
  [ nan  nan  nan  nan]
  ..., 
  [ nan  nan  nan  nan]
  [ nan  nan  nan  nan]
  [ nan  nan  nan  nan]]

 [[ nan  nan  nan  nan]
  [ nan  nan  nan  nan]
  [ nan  nan  nan  nan]
  ..., 
  [ nan  nan  nan  nan]
  [ nan  nan  nan  nan]
  [ nan  nan  nan  nan]]

 ..., 
 [[ nan  nan  nan  nan]
  [ nan  nan  nan  nan]
  [ nan  nan  nan  nan]
  ..., 
  [ nan  nan  nan  nan]
  [ nan  nan  nan  nan]
  [ nan  nan  nan  nan]]

 [[ nan  nan  nan  nan]
  [ nan  nan  nan  nan]
  [ nan  nan  nan  nan]
  ..., 
  [ nan  nan  nan  nan]
  [ nan  nan  nan  nan]
  [ nan  nan  nan  nan]]

 [[ nan  nan  nan  nan]
  [ nan  nan  nan  nan]
  [ nan  nan  nan  nan]
  ..., 
  [ nan  nan  nan  nan]
  [ nan  nan  nan  nan]
  [ nan  nan  nan  nan]]]
current dir is  ['.DS_Store', 'main.sbatch', 'output.zip', 'band2lookatthis.csv', 'loadmodules.sh', '.gitignore', 'res.csv', 'main.py', 'landsatrightbeforesavetif.csv', 'view.py', 'augment_output.out', '.git', 'landsat2directlyafterrandomtransformcall.csv', 'README.md', 'augment.py', 'lib', 'data', 'main_out.out', 'models', 'output', 'augment.sbatch', '._main.py']
datatype of saveimg is  float32
to save shape is (1309, 1192)
max is  3.40282e+38
after conversions [[  3.40282347e+38   3.40282347e+38   3.40282347e+38 ...,   3.40282347e+38
    3.40282347e+38   3.40282347e+38]
 [  3.40282347e+38   3.40282347e+38   3.40282347e+38 ...,   3.40282347e+38
    3.40282347e+38   3.40282347e+38]
 [  3.40282347e+38   3.40282347e+38   3.40282347e+38 ...,   3.40282347e+38
    3.40282347e+38   3.40282347e+38]
 ..., 
 [  3.40282347e+38   3.40282347e+38   3.40282347e+38 ...,   3.40282347e+38
    3.40282347e+38   3.40282347e+38]
 [  3.40282347e+38   3.40282347e+38   3.40282347e+38 ...,   3.40282347e+38
    3.40282347e+38   3.40282347e+38]
 [  3.40282347e+38   3.40282347e+38   3.40282347e+38 ...,   3.40282347e+38
    3.40282347e+38   3.40282347e+38]]
datatype of saveimg is  float32
to save shape is (1309, 1192)
max is  3.40282e+38
after conversions [[  3.40282347e+38   3.40282347e+38   3.40282347e+38 ...,   3.40282347e+38
    3.40282347e+38   3.40282347e+38]
 [  3.40282347e+38   3.40282347e+38   3.40282347e+38 ...,   3.40282347e+38
    3.40282347e+38   3.40282347e+38]
 [  3.40282347e+38   3.40282347e+38   3.40282347e+38 ...,   3.40282347e+38
    3.40282347e+38   3.40282347e+38]
 ..., 
 [  3.40282347e+38   3.40282347e+38   3.40282347e+38 ...,   3.40282347e+38
    3.40282347e+38   3.40282347e+38]
 [  3.40282347e+38   3.40282347e+38   3.40282347e+38 ...,   3.40282347e+38
    3.40282347e+38   3.40282347e+38]
 [  3.40282347e+38   3.40282347e+38   3.40282347e+38 ...,   3.40282347e+38
    3.40282347e+38   3.40282347e+38]]
datatype of saveimg is  float32
to save shape is (1309, 1192)
max is  3.40282e+38
after conversions [[  3.40282347e+38   3.40282347e+38   3.40282347e+38 ...,   3.40282347e+38
    3.40282347e+38   3.40282347e+38]
 [  3.40282347e+38   3.40282347e+38   3.40282347e+38 ...,   3.40282347e+38
    3.40282347e+38   3.40282347e+38]
 [  3.40282347e+38   3.40282347e+38   3.40282347e+38 ...,   3.40282347e+38
    3.40282347e+38   3.40282347e+38]
 ..., 
 [  3.40282347e+38   3.40282347e+38   3.40282347e+38 ...,   3.40282347e+38
    3.40282347e+38   3.40282347e+38]
 [  3.40282347e+38   3.40282347e+38   3.40282347e+38 ...,   3.40282347e+38
    3.40282347e+38   3.40282347e+38]
 [  3.40282347e+38   3.40282347e+38   3.40282347e+38 ...,   3.40282347e+38
    3.40282347e+38   3.40282347e+38]]
datatype of saveimg is  float32
to save shape is (1309, 1192)
max is  3.40282e+38
after conversions [[  3.40282347e+38   3.40282347e+38   3.40282347e+38 ...,   3.40282347e+38
    3.40282347e+38   3.40282347e+38]
 [  3.40282347e+38   3.40282347e+38   3.40282347e+38 ...,   3.40282347e+38
    3.40282347e+38   3.40282347e+38]
 [  3.40282347e+38   3.40282347e+38   3.40282347e+38 ...,   3.40282347e+38
    3.40282347e+38   3.40282347e+38]
 ..., 
 [  3.40282347e+38   3.40282347e+38   3.40282347e+38 ...,   3.40282347e+38
    3.40282347e+38   3.40282347e+38]
 [  3.40282347e+38   3.40282347e+38   3.40282347e+38 ...,   3.40282347e+38
    3.40282347e+38   3.40282347e+38]
 [  3.40282347e+38   3.40282347e+38   3.40282347e+38 ...,   3.40282347e+38
    3.40282347e+38   3.40282347e+38]]
datatype of saveimg is  float32
to save shape is (1309, 1192)
max is  3.40282e+38
after conversions [[  3.40282347e+38   3.40282347e+38   3.40282347e+38 ...,   3.40282347e+38
    3.40282347e+38   3.40282347e+38]
 [  3.40282347e+38   3.40282347e+38   3.40282347e+38 ...,   3.40282347e+38
    3.40282347e+38   3.40282347e+38]
 [  3.40282347e+38   3.40282347e+38   3.40282347e+38 ...,   3.40282347e+38
    3.40282347e+38   3.40282347e+38]
 ..., 
 [  3.40282347e+38   3.40282347e+38   3.40282347e+38 ...,   3.40282347e+38
    3.40282347e+38   3.40282347e+38]
 [  3.40282347e+38   3.40282347e+38   3.40282347e+38 ...,   3.40282347e+38
    3.40282347e+38   3.40282347e+38]
 [  3.40282347e+38   3.40282347e+38   3.40282347e+38 ...,   3.40282347e+38
    3.40282347e+38   3.40282347e+38]]
datatype of saveimg is  float32
to save shape is (1309, 1192)
max is  3.40282e+38
after conversions [[  3.40282347e+38   3.40282347e+38   3.40282347e+38 ...,   3.40282347e+38
    3.40282347e+38   3.40282347e+38]
 [  3.40282347e+38   3.40282347e+38   3.40282347e+38 ...,   3.40282347e+38
    3.40282347e+38   3.40282347e+38]
 [  3.40282347e+38   3.40282347e+38   3.40282347e+38 ...,   3.40282347e+38
    3.40282347e+38   3.40282347e+38]
 ..., 
 [  3.40282347e+38   3.40282347e+38   3.40282347e+38 ...,   3.40282347e+38
    3.40282347e+38   3.40282347e+38]
 [  3.40282347e+38   3.40282347e+38   3.40282347e+38 ...,   3.40282347e+38
    3.40282347e+38   3.40282347e+38]
 [  3.40282347e+38   3.40282347e+38   3.40282347e+38 ...,   3.40282347e+38
    3.40282347e+38   3.40282347e+38]]
datatype of saveimg is  float32
to save shape is (1309, 1192)
max is  3.40282e+38
after conversions [[  3.40282347e+38   3.40282347e+38   3.40282347e+38 ...,   3.40282347e+38
    3.40282347e+38   3.40282347e+38]
 [  3.40282347e+38   3.40282347e+38   3.40282347e+38 ...,   3.40282347e+38
    3.40282347e+38   3.40282347e+38]
 [  3.40282347e+38   3.40282347e+38   3.40282347e+38 ...,   3.40282347e+38
    3.40282347e+38   3.40282347e+38]
 ..., 
 [  3.40282347e+38   3.40282347e+38   3.40282347e+38 ...,   3.40282347e+38
    3.40282347e+38   3.40282347e+38]
 [  3.40282347e+38   3.40282347e+38   3.40282347e+38 ...,   3.40282347e+38
    3.40282347e+38   3.40282347e+38]
 [  3.40282347e+38   3.40282347e+38   3.40282347e+38 ...,   3.40282347e+38
    3.40282347e+38   3.40282347e+38]]
datatype of saveimg is  float32
to save shape is (1309, 1192)
max is  3.40282e+38
after conversions [[  3.40282347e+38   3.40282347e+38   3.40282347e+38 ...,   3.40282347e+38
    3.40282347e+38   3.40282347e+38]
 [  3.40282347e+38   3.40282347e+38   3.40282347e+38 ...,   3.40282347e+38
    3.40282347e+38   3.40282347e+38]
 [  3.40282347e+38   3.40282347e+38   3.40282347e+38 ...,   3.40282347e+38
    3.40282347e+38   3.40282347e+38]
 ..., 
 [  3.40282347e+38   3.40282347e+38   3.40282347e+38 ...,   3.40282347e+38
    3.40282347e+38   3.40282347e+38]
 [  3.40282347e+38   3.40282347e+38   3.40282347e+38 ...,   3.40282347e+38
    3.40282347e+38   3.40282347e+38]
 [  3.40282347e+38   3.40282347e+38   3.40282347e+38 ...,   3.40282347e+38
    3.40282347e+38   3.40282347e+38]]
datatype of saveimg is  float32
to save shape is (1309, 1192)
max is  3.40282e+38
after conversions [[  3.40282347e+38   3.40282347e+38   3.40282347e+38 ...,   3.40282347e+38
    3.40282347e+38   3.40282347e+38]
 [  3.40282347e+38   3.40282347e+38   3.40282347e+38 ...,   3.40282347e+38
    3.40282347e+38   3.40282347e+38]
 [  3.40282347e+38   3.40282347e+38   3.40282347e+38 ...,   3.40282347e+38
    3.40282347e+38   3.40282347e+38]
 ..., 
 [  3.40282347e+38   3.40282347e+38   3.40282347e+38 ...,   3.40282347e+38
    3.40282347e+38   3.40282347e+38]
 [  3.40282347e+38   3.40282347e+38   3.40282347e+38 ...,   3.40282347e+38
    3.40282347e+38   3.40282347e+38]
 [  3.40282347e+38   3.40282347e+38   3.40282347e+38 ...,   3.40282347e+38
    3.40282347e+38   3.40282347e+38]]
datatype of saveimg is  float32
to save shape is (1309, 1192)
max is  3.40282e+38
after conversions [[  3.40282347e+38   3.40282347e+38   3.40282347e+38 ...,   3.40282347e+38
    3.40282347e+38   3.40282347e+38]
 [  3.40282347e+38   3.40282347e+38   3.40282347e+38 ...,   3.40282347e+38
    3.40282347e+38   3.40282347e+38]
 [  3.40282347e+38   3.40282347e+38   3.40282347e+38 ...,   3.40282347e+38
    3.40282347e+38   3.40282347e+38]
 ..., 
 [  3.40282347e+38   3.40282347e+38   3.40282347e+38 ...,   3.40282347e+38
    3.40282347e+38   3.40282347e+38]
 [  3.40282347e+38   3.40282347e+38   3.40282347e+38 ...,   3.40282347e+38
    3.40282347e+38   3.40282347e+38]
 [  3.40282347e+38   3.40282347e+38   3.40282347e+38 ...,   3.40282347e+38
    3.40282347e+38   3.40282347e+38]]
datatype of saveimg is  float32
to save shape is (1309, 1192)
max is  3.40282e+38
after conversions [[  3.40282347e+38   3.40282347e+38   3.40282347e+38 ...,   3.40282347e+38
    3.40282347e+38   3.40282347e+38]
 [  3.40282347e+38   3.40282347e+38   3.40282347e+38 ...,   3.40282347e+38
    3.40282347e+38   3.40282347e+38]
 [  3.40282347e+38   3.40282347e+38   3.40282347e+38 ...,   3.40282347e+38
    3.40282347e+38   3.40282347e+38]
 ..., 
 [  3.40282347e+38   3.40282347e+38   3.40282347e+38 ...,   3.40282347e+38
    3.40282347e+38   3.40282347e+38]
 [  3.40282347e+38   3.40282347e+38   3.40282347e+38 ...,   3.40282347e+38
    3.40282347e+38   3.40282347e+38]
 [  3.40282347e+38   3.40282347e+38   3.40282347e+38 ...,   3.40282347e+38
    3.40282347e+38   3.40282347e+38]]
datatype of saveimg is  float32
to save shape is (1309, 1192)
max is  3.40282e+38
after conversions [[  3.40282347e+38   3.40282347e+38   3.40282347e+38 ...,   3.40282347e+38
    3.40282347e+38   3.40282347e+38]
 [  3.40282347e+38   3.40282347e+38   3.40282347e+38 ...,   3.40282347e+38
    3.40282347e+38   3.40282347e+38]
 [  3.40282347e+38   3.40282347e+38   3.40282347e+38 ...,   3.40282347e+38
    3.40282347e+38   3.40282347e+38]
 ..., 
 [  3.40282347e+38   3.40282347e+38   3.40282347e+38 ...,   3.40282347e+38
    3.40282347e+38   3.40282347e+38]
 [  3.40282347e+38   3.40282347e+38   3.40282347e+38 ...,   3.40282347e+38
    3.40282347e+38   3.40282347e+38]
 [  3.40282347e+38   3.40282347e+38   3.40282347e+38 ...,   3.40282347e+38
    3.40282347e+38   3.40282347e+38]]
datatype of saveimg is  float32
to save shape is (1309, 1192)
max is  3.40282e+38
after conversions [[  3.40282347e+38   3.40282347e+38   3.40282347e+38 ...,   3.40282347e+38
    3.40282347e+38   3.40282347e+38]
 [  3.40282347e+38   3.40282347e+38   3.40282347e+38 ...,   3.40282347e+38
    3.40282347e+38   3.40282347e+38]
 [  3.40282347e+38   3.40282347e+38   3.40282347e+38 ...,   3.40282347e+38
    3.40282347e+38   3.40282347e+38]
 ..., 
 [  3.40282347e+38   3.40282347e+38   3.40282347e+38 ...,   3.40282347e+38
    3.40282347e+38   3.40282347e+38]
 [  3.40282347e+38   3.40282347e+38   3.40282347e+38 ...,   3.40282347e+38
    3.40282347e+38   3.40282347e+38]
 [  3.40282347e+38   3.40282347e+38   3.40282347e+38 ...,   3.40282347e+38
    3.40282347e+38   3.40282347e+38]]
datatype of saveimg is  float32
to save shape is (1309, 1192)
max is  3.40282e+38
after conversions [[  3.40282347e+38   3.40282347e+38   3.40282347e+38 ...,   3.40282347e+38
    3.40282347e+38   3.40282347e+38]
 [  3.40282347e+38   3.40282347e+38   3.40282347e+38 ...,   3.40282347e+38
    3.40282347e+38   3.40282347e+38]
 [  3.40282347e+38   3.40282347e+38   3.40282347e+38 ...,   3.40282347e+38
    3.40282347e+38   3.40282347e+38]
 ..., 
 [  3.40282347e+38   3.40282347e+38   3.40282347e+38 ...,   3.40282347e+38
    3.40282347e+38   3.40282347e+38]
 [  3.40282347e+38   3.40282347e+38   3.40282347e+38 ...,   3.40282347e+38
    3.40282347e+38   3.40282347e+38]
 [  3.40282347e+38   3.40282347e+38   3.40282347e+38 ...,   3.40282347e+38
    3.40282347e+38   3.40282347e+38]]
datatype of saveimg is  float32
to save shape is (1309, 1192)
max is  3.40282e+38
after conversions [[  3.40282347e+38   3.40282347e+38   3.40282347e+38 ...,   3.40282347e+38
    3.40282347e+38   3.40282347e+38]
 [  3.40282347e+38   3.40282347e+38   3.40282347e+38 ...,   3.40282347e+38
    3.40282347e+38   3.40282347e+38]
 [  3.40282347e+38   3.40282347e+38   3.40282347e+38 ...,   3.40282347e+38
    3.40282347e+38   3.40282347e+38]
 ..., 
 [  3.40282347e+38   3.40282347e+38   3.40282347e+38 ...,   3.40282347e+38
    3.40282347e+38   3.40282347e+38]
 [  3.40282347e+38   3.40282347e+38   3.40282347e+38 ...,   3.40282347e+38
    3.40282347e+38   3.40282347e+38]
 [  3.40282347e+38   3.40282347e+38   3.40282347e+38 ...,   3.40282347e+38
    3.40282347e+38   3.40282347e+38]]
done with 1+++++++++++++++++++++++++++++++++++++++++++++++++++
landsat4.tif shae (647, 900)
landsat3.tif shae (647, 900)
before landsat4 shape is  (647, 900)
day is  1028
day is  1029
day is  1030
day is  1020
day is  1021
day is  1023
day is  1024
COLLECT DATA SHAPES:  (647, 900) (647, 900) (647, 900) (647, 900) (647, 900) (647, 900) (647, 900) (647, 900)
firetuple shape is  8
toaugment shape  (647, 900, 15)
x is (15, 649, 902)
False
days is  ['1028', '1029', '1030', '1020', '1021', '1023', '1024']
other layers are (649, 902, 7) [[[ nan  nan  nan ...,  nan  nan  nan]
  [ nan  nan  nan ...,  nan  nan  nan]
  [ nan  nan  nan ...,  nan  nan  nan]
  ..., 
  [ nan  nan  nan ...,  nan  nan  nan]
  [ nan  nan  nan ...,  nan  nan  nan]
  [ nan  nan  nan ...,  nan  nan  nan]]

 [[ nan  nan  nan ...,  nan  nan  nan]
  [ nan  nan  nan ...,  nan  nan  nan]
  [ nan  nan  nan ...,  nan  nan  nan]
  ..., 
  [ nan  nan  nan ...,  nan  nan  nan]
  [ nan  nan  nan ...,  nan  nan  nan]
  [ nan  nan  nan ...,  nan  nan  nan]]

 [[ nan  nan  nan ...,  nan  nan  nan]
  [ nan  nan  nan ...,  nan  nan  nan]
  [ nan  nan  nan ...,  nan  nan  nan]
  ..., 
  [ nan  nan  nan ...,  nan  nan  nan]
  [ nan  nan  nan ...,  nan  nan  nan]
  [ nan  nan  nan ...,  nan  nan  nan]]

 ..., 
 [[ nan  nan  nan ...,  nan  nan  nan]
  [ nan  nan  nan ...,  nan  nan  nan]
  [ nan  nan  nan ...,  nan  nan  nan]
  ..., 
  [ nan  nan  nan ...,  nan  nan  nan]
  [ nan  nan  nan ...,  nan  nan  nan]
  [ nan  nan  nan ...,  nan  nan  nan]]

 [[ nan  nan  nan ...,  nan  nan  nan]
  [ nan  nan  nan ...,  nan  nan  nan]
  [ nan  nan  nan ...,  nan  nan  nan]
  ..., 
  [ nan  nan  nan ...,  nan  nan  nan]
  [ nan  nan  nan ...,  nan  nan  nan]
  [ nan  nan  nan ...,  nan  nan  nan]]

 [[ nan  nan  nan ...,  nan  nan  nan]
  [ nan  nan  nan ...,  nan  nan  nan]
  [ nan  nan  nan ...,  nan  nan  nan]
  ..., 
  [ nan  nan  nan ...,  nan  nan  nan]
  [ nan  nan  nan ...,  nan  nan  nan]
  [ nan  nan  nan ...,  nan  nan  nan]]]
landsat shape is  (649, 902, 4)
[[[ nan  nan  nan  nan]
  [ nan  nan  nan  nan]
  [ nan  nan  nan  nan]
  ..., 
  [ nan  nan  nan  nan]
  [ nan  nan  nan  nan]
  [ nan  nan  nan  nan]]

 [[ nan  nan  nan  nan]
  [ nan  nan  nan  nan]
  [ nan  nan  nan  nan]
  ..., 
  [ nan  nan  nan  nan]
  [ nan  nan  nan  nan]
  [ nan  nan  nan  nan]]

 [[ nan  nan  nan  nan]
  [ nan  nan  nan  nan]
  [ nan  nan  nan  nan]
  ..., 
  [ nan  nan  nan  nan]
  [ nan  nan  nan  nan]
  [ nan  nan  nan  nan]]

 ..., 
 [[ nan  nan  nan  nan]
  [ nan  nan  nan  nan]
  [ nan  nan  nan  nan]
  ..., 
  [ nan  nan  nan  nan]
  [ nan  nan  nan  nan]
  [ nan  nan  nan  nan]]

 [[ nan  nan  nan  nan]
  [ nan  nan  nan  nan]
  [ nan  nan  nan  nan]
  ..., 
  [ nan  nan  nan  nan]
  [ nan  nan  nan  nan]
  [ nan  nan  nan  nan]]

 [[ nan  nan  nan  nan]
  [ nan  nan  nan  nan]
  [ nan  nan  nan  nan]
  ..., 
  [ nan  nan  nan  nan]
  [ nan  nan  nan  nan]
  [ nan  nan  nan  nan]]]
current dir is  ['.DS_Store', 'main.sbatch', 'output.zip', 'band2lookatthis.csv', 'loadmodules.sh', '.gitignore', 'res.csv', 'main.py', 'landsatrightbeforesavetif.csv', 'view.py', 'augment_output.out', '.git', 'landsat2directlyafterrandomtransformcall.csv', 'README.md', 'augment.py', 'lib', 'data', 'main_out.out', 'models', 'output', 'augment.sbatch', '._main.py']
datatype of saveimg is  float32
to save shape is (649, 902)
max is  3.40282e+38
after conversions [[  3.40282347e+38   3.40282347e+38   3.40282347e+38 ...,   3.40282347e+38
    3.40282347e+38   3.40282347e+38]
 [  3.40282347e+38   3.40282347e+38   3.40282347e+38 ...,   3.40282347e+38
    3.40282347e+38   3.40282347e+38]
 [  3.40282347e+38   3.40282347e+38   3.40282347e+38 ...,   3.40282347e+38
    3.40282347e+38   3.40282347e+38]
 ..., 
 [  3.40282347e+38   3.40282347e+38   3.40282347e+38 ...,   3.40282347e+38
    3.40282347e+38   3.40282347e+38]
 [  3.40282347e+38   3.40282347e+38   3.40282347e+38 ...,   3.40282347e+38
    3.40282347e+38   3.40282347e+38]
 [  3.40282347e+38   3.40282347e+38   3.40282347e+38 ...,   3.40282347e+38
    3.40282347e+38   3.40282347e+38]]
datatype of saveimg is  float32
to save shape is (649, 902)
max is  3.40282e+38
after conversions [[  3.40282347e+38   3.40282347e+38   3.40282347e+38 ...,   3.40282347e+38
    3.40282347e+38   3.40282347e+38]
 [  3.40282347e+38   3.40282347e+38   3.40282347e+38 ...,   3.40282347e+38
    3.40282347e+38   3.40282347e+38]
 [  3.40282347e+38   3.40282347e+38   3.40282347e+38 ...,   3.40282347e+38
    3.40282347e+38   3.40282347e+38]
 ..., 
 [  3.40282347e+38   3.40282347e+38   3.40282347e+38 ...,   3.40282347e+38
    3.40282347e+38   3.40282347e+38]
 [  3.40282347e+38   3.40282347e+38   3.40282347e+38 ...,   3.40282347e+38
    3.40282347e+38   3.40282347e+38]
 [  3.40282347e+38   3.40282347e+38   3.40282347e+38 ...,   3.40282347e+38
    3.40282347e+38   3.40282347e+38]]
datatype of saveimg is  float32
to save shape is (649, 902)
max is  3.40282e+38
after conversions [[  3.40282347e+38   3.40282347e+38   3.40282347e+38 ...,   3.40282347e+38
    3.40282347e+38   3.40282347e+38]
 [  3.40282347e+38   3.40282347e+38   3.40282347e+38 ...,   3.40282347e+38
    3.40282347e+38   3.40282347e+38]
 [  3.40282347e+38   3.40282347e+38   3.40282347e+38 ...,   3.40282347e+38
    3.40282347e+38   3.40282347e+38]
 ..., 
 [  3.40282347e+38   3.40282347e+38   3.40282347e+38 ...,   3.40282347e+38
    3.40282347e+38   3.40282347e+38]
 [  3.40282347e+38   3.40282347e+38   3.40282347e+38 ...,   3.40282347e+38
    3.40282347e+38   3.40282347e+38]
 [  3.40282347e+38   3.40282347e+38   3.40282347e+38 ...,   3.40282347e+38
    3.40282347e+38   3.40282347e+38]]
datatype of saveimg is  float32
to save shape is (649, 902)
max is  3.40282e+38
after conversions [[  3.40282347e+38   3.40282347e+38   3.40282347e+38 ...,   3.40282347e+38
    3.40282347e+38   3.40282347e+38]
 [  3.40282347e+38   3.40282347e+38   3.40282347e+38 ...,   3.40282347e+38
    3.40282347e+38   3.40282347e+38]
 [  3.40282347e+38   3.40282347e+38   3.40282347e+38 ...,   3.40282347e+38
    3.40282347e+38   3.40282347e+38]
 ..., 
 [  3.40282347e+38   3.40282347e+38   3.40282347e+38 ...,   3.40282347e+38
    3.40282347e+38   3.40282347e+38]
 [  3.40282347e+38   3.40282347e+38   3.40282347e+38 ...,   3.40282347e+38
    3.40282347e+38   3.40282347e+38]
 [  3.40282347e+38   3.40282347e+38   3.40282347e+38 ...,   3.40282347e+38
    3.40282347e+38   3.40282347e+38]]
datatype of saveimg is  float32
to save shape is (649, 902)
max is  3.40282e+38
after conversions [[  3.40282347e+38   3.40282347e+38   3.40282347e+38 ...,   3.40282347e+38
    3.40282347e+38   3.40282347e+38]
 [  3.40282347e+38   3.40282347e+38   3.40282347e+38 ...,   3.40282347e+38
    3.40282347e+38   3.40282347e+38]
 [  3.40282347e+38   3.40282347e+38   3.40282347e+38 ...,   3.40282347e+38
    3.40282347e+38   3.40282347e+38]
 ..., 
 [  3.40282347e+38   3.40282347e+38   3.40282347e+38 ...,   3.40282347e+38
    3.40282347e+38   3.40282347e+38]
 [  3.40282347e+38   3.40282347e+38   3.40282347e+38 ...,   3.40282347e+38
    3.40282347e+38   3.40282347e+38]
 [  3.40282347e+38   3.40282347e+38   3.40282347e+38 ...,   3.40282347e+38
    3.40282347e+38   3.40282347e+38]]
datatype of saveimg is  float32
to save shape is (649, 902)
max is  3.40282e+38
after conversions [[  3.40282347e+38   3.40282347e+38   3.40282347e+38 ...,   3.40282347e+38
    3.40282347e+38   3.40282347e+38]
 [  3.40282347e+38   3.40282347e+38   3.40282347e+38 ...,   3.40282347e+38
    3.40282347e+38   3.40282347e+38]
 [  3.40282347e+38   3.40282347e+38   3.40282347e+38 ...,   3.40282347e+38
    3.40282347e+38   3.40282347e+38]
 ..., 
 [  3.40282347e+38   3.40282347e+38   3.40282347e+38 ...,   3.40282347e+38
    3.40282347e+38   3.40282347e+38]
 [  3.40282347e+38   3.40282347e+38   3.40282347e+38 ...,   3.40282347e+38
    3.40282347e+38   3.40282347e+38]
 [  3.40282347e+38   3.40282347e+38   3.40282347e+38 ...,   3.40282347e+38
    3.40282347e+38   3.40282347e+38]]
datatype of saveimg is  float32
to save shape is (649, 902)
max is  3.40282e+38
after conversions [[  3.40282347e+38   3.40282347e+38   3.40282347e+38 ...,   3.40282347e+38
    3.40282347e+38   3.40282347e+38]
 [  3.40282347e+38   3.40282347e+38   3.40282347e+38 ...,   3.40282347e+38
    3.40282347e+38   3.40282347e+38]
 [  3.40282347e+38   3.40282347e+38   3.40282347e+38 ...,   3.40282347e+38
    3.40282347e+38   3.40282347e+38]
 ..., 
 [  3.40282347e+38   3.40282347e+38   3.40282347e+38 ...,   3.40282347e+38
    3.40282347e+38   3.40282347e+38]
 [  3.40282347e+38   3.40282347e+38   3.40282347e+38 ...,   3.40282347e+38
    3.40282347e+38   3.40282347e+38]
 [  3.40282347e+38   3.40282347e+38   3.40282347e+38 ...,   3.40282347e+38
    3.40282347e+38   3.40282347e+38]]
datatype of saveimg is  float32
to save shape is (649, 902)
max is  3.40282e+38
after conversions [[  3.40282347e+38   3.40282347e+38   3.40282347e+38 ...,   3.40282347e+38
    3.40282347e+38   3.40282347e+38]
 [  3.40282347e+38   3.40282347e+38   3.40282347e+38 ...,   3.40282347e+38
    3.40282347e+38   3.40282347e+38]
 [  3.40282347e+38   3.40282347e+38   3.40282347e+38 ...,   3.40282347e+38
    3.40282347e+38   3.40282347e+38]
 ..., 
 [  3.40282347e+38   3.40282347e+38   3.40282347e+38 ...,   3.40282347e+38
    3.40282347e+38   3.40282347e+38]
 [  3.40282347e+38   3.40282347e+38   3.40282347e+38 ...,   3.40282347e+38
    3.40282347e+38   3.40282347e+38]
 [  3.40282347e+38   3.40282347e+38   3.40282347e+38 ...,   3.40282347e+38
    3.40282347e+38   3.40282347e+38]]
datatype of saveimg is  float32
to save shape is (649, 902)
max is  3.40282e+38
after conversions [[  3.40282347e+38   3.40282347e+38   3.40282347e+38 ...,   3.40282347e+38
    3.40282347e+38   3.40282347e+38]
 [  3.40282347e+38   3.40282347e+38   3.40282347e+38 ...,   3.40282347e+38
    3.40282347e+38   3.40282347e+38]
 [  3.40282347e+38   3.40282347e+38   3.40282347e+38 ...,   3.40282347e+38
    3.40282347e+38   3.40282347e+38]
 ..., 
 [  3.40282347e+38   3.40282347e+38   3.40282347e+38 ...,   3.40282347e+38
    3.40282347e+38   3.40282347e+38]
 [  3.40282347e+38   3.40282347e+38   3.40282347e+38 ...,   3.40282347e+38
    3.40282347e+38   3.40282347e+38]
 [  3.40282347e+38   3.40282347e+38   3.40282347e+38 ...,   3.40282347e+38
    3.40282347e+38   3.40282347e+38]]
datatype of saveimg is  float32
to save shape is (649, 902)
max is  3.40282e+38
after conversions [[  3.40282347e+38   3.40282347e+38   3.40282347e+38 ...,   3.40282347e+38
    3.40282347e+38   3.40282347e+38]
 [  3.40282347e+38   3.40282347e+38   3.40282347e+38 ...,   3.40282347e+38
    3.40282347e+38   3.40282347e+38]
 [  3.40282347e+38   3.40282347e+38   3.40282347e+38 ...,   3.40282347e+38
    3.40282347e+38   3.40282347e+38]
 ..., 
 [  3.40282347e+38   3.40282347e+38   3.40282347e+38 ...,   3.40282347e+38
    3.40282347e+38   3.40282347e+38]
 [  3.40282347e+38   3.40282347e+38   3.40282347e+38 ...,   3.40282347e+38
    3.40282347e+38   3.40282347e+38]
 [  3.40282347e+38   3.40282347e+38   3.40282347e+38 ...,   3.40282347e+38
    3.40282347e+38   3.40282347e+38]]
datatype of saveimg is  float32
to save shape is (649, 902)
max is  3.40282e+38
after conversions [[  3.40282347e+38   3.40282347e+38   3.40282347e+38 ...,   3.40282347e+38
    3.40282347e+38   3.40282347e+38]
 [  3.40282347e+38   3.40282347e+38   3.40282347e+38 ...,   3.40282347e+38
    3.40282347e+38   3.40282347e+38]
 [  3.40282347e+38   3.40282347e+38   3.40282347e+38 ...,   3.40282347e+38
    3.40282347e+38   3.40282347e+38]
 ..., 
 [  3.40282347e+38   3.40282347e+38   3.40282347e+38 ...,   3.40282347e+38
    3.40282347e+38   3.40282347e+38]
 [  3.40282347e+38   3.40282347e+38   3.40282347e+38 ...,   3.40282347e+38
    3.40282347e+38   3.40282347e+38]
 [  3.40282347e+38   3.40282347e+38   3.40282347e+38 ...,   3.40282347e+38
    3.40282347e+38   3.40282347e+38]]
datatype of saveimg is  float32
to save shape is (649, 902)
max is  3.40282e+38
after conversions [[  3.40282347e+38   3.40282347e+38   3.40282347e+38 ...,   3.40282347e+38
    3.40282347e+38   3.40282347e+38]
 [  3.40282347e+38   3.40282347e+38   3.40282347e+38 ...,   3.40282347e+38
    3.40282347e+38   3.40282347e+38]
 [  3.40282347e+38   3.40282347e+38   3.40282347e+38 ...,   3.40282347e+38
    3.40282347e+38   3.40282347e+38]
 ..., 
 [  3.40282347e+38   3.40282347e+38   3.40282347e+38 ...,   3.40282347e+38
    3.40282347e+38   3.40282347e+38]
 [  3.40282347e+38   3.40282347e+38   3.40282347e+38 ...,   3.40282347e+38
    3.40282347e+38   3.40282347e+38]
 [  3.40282347e+38   3.40282347e+38   3.40282347e+38 ...,   3.40282347e+38
    3.40282347e+38   3.40282347e+38]]
datatype of saveimg is  float32
to save shape is (649, 902)
max is  3.40282e+38
after conversions [[  3.40282347e+38   3.40282347e+38   3.40282347e+38 ...,   3.40282347e+38
    3.40282347e+38   3.40282347e+38]
 [  3.40282347e+38   3.40282347e+38   3.40282347e+38 ...,   3.40282347e+38
    3.40282347e+38   3.40282347e+38]
 [  3.40282347e+38   3.40282347e+38   3.40282347e+38 ...,   3.40282347e+38
    3.40282347e+38   3.40282347e+38]
 ..., 
 [  3.40282347e+38   3.40282347e+38   3.40282347e+38 ...,   3.40282347e+38
    3.40282347e+38   3.40282347e+38]
 [  3.40282347e+38   3.40282347e+38   3.40282347e+38 ...,   3.40282347e+38
    3.40282347e+38   3.40282347e+38]
 [  3.40282347e+38   3.40282347e+38   3.40282347e+38 ...,   3.40282347e+38
    3.40282347e+38   3.40282347e+38]]
datatype of saveimg is  float32
to save shape is (649, 902)
max is  3.40282e+38
after conversions [[  3.40282347e+38   3.40282347e+38   3.40282347e+38 ...,   3.40282347e+38
    3.40282347e+38   3.40282347e+38]
 [  3.40282347e+38   3.40282347e+38   3.40282347e+38 ...,   3.40282347e+38
    3.40282347e+38   3.40282347e+38]
 [  3.40282347e+38   3.40282347e+38   3.40282347e+38 ...,   3.40282347e+38
    3.40282347e+38   3.40282347e+38]
 ..., 
 [  3.40282347e+38   3.40282347e+38   3.40282347e+38 ...,   3.40282347e+38
    3.40282347e+38   3.40282347e+38]
 [  3.40282347e+38   3.40282347e+38   3.40282347e+38 ...,   3.40282347e+38
    3.40282347e+38   3.40282347e+38]
 [  3.40282347e+38   3.40282347e+38   3.40282347e+38 ...,   3.40282347e+38
    3.40282347e+38   3.40282347e+38]]
done with 1+++++++++++++++++++++++++++++++++++++++++++++++++++
landsat4.tif shae (1010, 796)
landsat3.tif shae (1010, 796)
before landsat4 shape is  (1010, 796)
day is  0911
day is  0912
COLLECT DATA SHAPES:  (1010, 796) (1010, 796) (1010, 796) (1010, 796) (1010, 796) (1010, 796) (1010, 796) (1010, 796)
firetuple shape is  8
toaugment shape  (1010, 796, 10)
x is (10, 1012, 798)
False
days is  ['0911', '0912']
other layers are (1012, 798, 2) [[[ nan  nan]
  [ nan  nan]
  [ nan  nan]
  ..., 
  [ nan  nan]
  [ nan  nan]
  [ nan  nan]]

 [[ nan  nan]
  [ nan  nan]
  [ nan  nan]
  ..., 
  [ nan  nan]
  [ nan  nan]
  [ nan  nan]]

 [[ nan  nan]
  [ nan  nan]
  [ nan  nan]
  ..., 
  [ nan  nan]
  [ nan  nan]
  [ nan  nan]]

 ..., 
 [[ nan  nan]
  [ nan  nan]
  [ nan  nan]
  ..., 
  [ nan  nan]
  [ nan  nan]
  [ nan  nan]]

 [[ nan  nan]
  [ nan  nan]
  [ nan  nan]
  ..., 
  [ nan  nan]
  [ nan  nan]
  [ nan  nan]]

 [[ nan  nan]
  [ nan  nan]
  [ nan  nan]
  ..., 
  [ nan  nan]
  [ nan  nan]
  [ nan  nan]]]
landsat shape is  (1012, 798, 4)
[[[ nan  nan  nan  nan]
  [ nan  nan  nan  nan]
  [ nan  nan  nan  nan]
  ..., 
  [ nan  nan  nan  nan]
  [ nan  nan  nan  nan]
  [ nan  nan  nan  nan]]

 [[ nan  nan  nan  nan]
  [ nan  nan  nan  nan]
  [ nan  nan  nan  nan]
  ..., 
  [ nan  nan  nan  nan]
  [ nan  nan  nan  nan]
  [ nan  nan  nan  nan]]

 [[ nan  nan  nan  nan]
  [ nan  nan  nan  nan]
  [ nan  nan  nan  nan]
  ..., 
  [ nan  nan  nan  nan]
  [ nan  nan  nan  nan]
  [ nan  nan  nan  nan]]

 ..., 
 [[ nan  nan  nan  nan]
  [ nan  nan  nan  nan]
  [ nan  nan  nan  nan]
  ..., 
  [ nan  nan  nan  nan]
  [ nan  nan  nan  nan]
  [ nan  nan  nan  nan]]

 [[ nan  nan  nan  nan]
  [ nan  nan  nan  nan]
  [ nan  nan  nan  nan]
  ..., 
  [ nan  nan  nan  nan]
  [ nan  nan  nan  nan]
  [ nan  nan  nan  nan]]

 [[ nan  nan  nan  nan]
  [ nan  nan  nan  nan]
  [ nan  nan  nan  nan]
  ..., 
  [ nan  nan  nan  nan]
  [ nan  nan  nan  nan]
  [ nan  nan  nan  nan]]]
current dir is  ['.DS_Store', 'main.sbatch', 'output.zip', 'band2lookatthis.csv', 'loadmodules.sh', '.gitignore', 'res.csv', 'main.py', 'landsatrightbeforesavetif.csv', 'view.py', 'augment_output.out', '.git', 'landsat2directlyafterrandomtransformcall.csv', 'README.md', 'augment.py', 'lib', 'data', 'main_out.out', 'models', 'output', 'augment.sbatch', '._main.py']
datatype of saveimg is  float32
to save shape is (1012, 798)
max is  3.40282e+38
after conversions [[  3.40282347e+38   3.40282347e+38   3.40282347e+38 ...,   3.40282347e+38
    3.40282347e+38   3.40282347e+38]
 [  3.40282347e+38   3.40282347e+38   3.40282347e+38 ...,   3.40282347e+38
    3.40282347e+38   3.40282347e+38]
 [  3.40282347e+38   3.40282347e+38   3.40282347e+38 ...,   3.40282347e+38
    3.40282347e+38   3.40282347e+38]
 ..., 
 [  3.40282347e+38   3.40282347e+38   3.40282347e+38 ...,   3.40282347e+38
    3.40282347e+38   3.40282347e+38]
 [  3.40282347e+38   3.40282347e+38   3.40282347e+38 ...,   3.40282347e+38
    3.40282347e+38   3.40282347e+38]
 [  3.40282347e+38   3.40282347e+38   3.40282347e+38 ...,   3.40282347e+38
    3.40282347e+38   3.40282347e+38]]
datatype of saveimg is  float32
to save shape is (1012, 798)
max is  3.40282e+38
after conversions [[  3.40282347e+38   3.40282347e+38   3.40282347e+38 ...,   3.40282347e+38
    3.40282347e+38   3.40282347e+38]
 [  3.40282347e+38   3.40282347e+38   3.40282347e+38 ...,   3.40282347e+38
    3.40282347e+38   3.40282347e+38]
 [  3.40282347e+38   3.40282347e+38   3.40282347e+38 ...,   3.40282347e+38
    3.40282347e+38   3.40282347e+38]
 ..., 
 [  3.40282347e+38   3.40282347e+38   3.40282347e+38 ...,   3.40282347e+38
    3.40282347e+38   3.40282347e+38]
 [  3.40282347e+38   3.40282347e+38   3.40282347e+38 ...,   3.40282347e+38
    3.40282347e+38   3.40282347e+38]
 [  3.40282347e+38   3.40282347e+38   3.40282347e+38 ...,   3.40282347e+38
    3.40282347e+38   3.40282347e+38]]
datatype of saveimg is  float32
to save shape is (1012, 798)
max is  3.40282e+38
after conversions [[  3.40282347e+38   3.40282347e+38   3.40282347e+38 ...,   3.40282347e+38
    3.40282347e+38   3.40282347e+38]
 [  3.40282347e+38   3.40282347e+38   3.40282347e+38 ...,   3.40282347e+38
    3.40282347e+38   3.40282347e+38]
 [  3.40282347e+38   3.40282347e+38   3.40282347e+38 ...,   3.40282347e+38
    3.40282347e+38   3.40282347e+38]
 ..., 
 [  3.40282347e+38   3.40282347e+38   3.40282347e+38 ...,   3.40282347e+38
    3.40282347e+38   3.40282347e+38]
 [  3.40282347e+38   3.40282347e+38   3.40282347e+38 ...,   3.40282347e+38
    3.40282347e+38   3.40282347e+38]
 [  3.40282347e+38   3.40282347e+38   3.40282347e+38 ...,   3.40282347e+38
    3.40282347e+38   3.40282347e+38]]
datatype of saveimg is  float32
to save shape is (1012, 798)
max is  3.40282e+38
after conversions [[  3.40282347e+38   3.40282347e+38   3.40282347e+38 ...,   3.40282347e+38
    3.40282347e+38   3.40282347e+38]
 [  3.40282347e+38   3.40282347e+38   3.40282347e+38 ...,   3.40282347e+38
    3.40282347e+38   3.40282347e+38]
 [  3.40282347e+38   3.40282347e+38   3.40282347e+38 ...,   3.40282347e+38
    3.40282347e+38   3.40282347e+38]
 ..., 
 [  3.40282347e+38   3.40282347e+38   3.40282347e+38 ...,   3.40282347e+38
    3.40282347e+38   3.40282347e+38]
 [  3.40282347e+38   3.40282347e+38   3.40282347e+38 ...,   3.40282347e+38
    3.40282347e+38   3.40282347e+38]
 [  3.40282347e+38   3.40282347e+38   3.40282347e+38 ...,   3.40282347e+38
    3.40282347e+38   3.40282347e+38]]
datatype of saveimg is  float32
to save shape is (1012, 798)
max is  3.40282e+38
after conversions [[  3.40282347e+38   3.40282347e+38   3.40282347e+38 ...,   3.40282347e+38
    3.40282347e+38   3.40282347e+38]
 [  3.40282347e+38   3.40282347e+38   3.40282347e+38 ...,   3.40282347e+38
    3.40282347e+38   3.40282347e+38]
 [  3.40282347e+38   3.40282347e+38   3.40282347e+38 ...,   3.40282347e+38
    3.40282347e+38   3.40282347e+38]
 ..., 
 [  3.40282347e+38   3.40282347e+38   3.40282347e+38 ...,   3.40282347e+38
    3.40282347e+38   3.40282347e+38]
 [  3.40282347e+38   3.40282347e+38   3.40282347e+38 ...,   3.40282347e+38
    3.40282347e+38   3.40282347e+38]
 [  3.40282347e+38   3.40282347e+38   3.40282347e+38 ...,   3.40282347e+38
    3.40282347e+38   3.40282347e+38]]
datatype of saveimg is  float32
to save shape is (1012, 798)
max is  3.40282e+38
after conversions [[  3.40282347e+38   3.40282347e+38   3.40282347e+38 ...,   3.40282347e+38
    3.40282347e+38   3.40282347e+38]
 [  3.40282347e+38   3.40282347e+38   3.40282347e+38 ...,   3.40282347e+38
    3.40282347e+38   3.40282347e+38]
 [  3.40282347e+38   3.40282347e+38   3.40282347e+38 ...,   3.40282347e+38
    3.40282347e+38   3.40282347e+38]
 ..., 
 [  3.40282347e+38   3.40282347e+38   3.40282347e+38 ...,   3.40282347e+38
    3.40282347e+38   3.40282347e+38]
 [  3.40282347e+38   3.40282347e+38   3.40282347e+38 ...,   3.40282347e+38
    3.40282347e+38   3.40282347e+38]
 [  3.40282347e+38   3.40282347e+38   3.40282347e+38 ...,   3.40282347e+38
    3.40282347e+38   3.40282347e+38]]
datatype of saveimg is  float32
to save shape is (1012, 798)
max is  3.40282e+38
after conversions [[  3.40282347e+38   3.40282347e+38   3.40282347e+38 ...,   3.40282347e+38
    3.40282347e+38   3.40282347e+38]
 [  3.40282347e+38   3.40282347e+38   3.40282347e+38 ...,   3.40282347e+38
    3.40282347e+38   3.40282347e+38]
 [  3.40282347e+38   3.40282347e+38   3.40282347e+38 ...,   3.40282347e+38
    3.40282347e+38   3.40282347e+38]
 ..., 
 [  3.40282347e+38   3.40282347e+38   3.40282347e+38 ...,   3.40282347e+38
    3.40282347e+38   3.40282347e+38]
 [  3.40282347e+38   3.40282347e+38   3.40282347e+38 ...,   3.40282347e+38
    3.40282347e+38   3.40282347e+38]
 [  3.40282347e+38   3.40282347e+38   3.40282347e+38 ...,   3.40282347e+38
    3.40282347e+38   3.40282347e+38]]
datatype of saveimg is  float32
to save shape is (1012, 798)
max is  3.40282e+38
after conversions [[  3.40282347e+38   3.40282347e+38   3.40282347e+38 ...,   3.40282347e+38
    3.40282347e+38   3.40282347e+38]
 [  3.40282347e+38   3.40282347e+38   3.40282347e+38 ...,   3.40282347e+38
    3.40282347e+38   3.40282347e+38]
 [  3.40282347e+38   3.40282347e+38   3.40282347e+38 ...,   3.40282347e+38
    3.40282347e+38   3.40282347e+38]
 ..., 
 [  3.40282347e+38   3.40282347e+38   3.40282347e+38 ...,   3.40282347e+38
    3.40282347e+38   3.40282347e+38]
 [  3.40282347e+38   3.40282347e+38   3.40282347e+38 ...,   3.40282347e+38
    3.40282347e+38   3.40282347e+38]
 [  3.40282347e+38   3.40282347e+38   3.40282347e+38 ...,   3.40282347e+38
    3.40282347e+38   3.40282347e+38]]
datatype of saveimg is  float32
to save shape is (1012, 798)
max is  3.40282e+38
after conversions [[  3.40282347e+38   3.40282347e+38   3.40282347e+38 ...,   3.40282347e+38
    3.40282347e+38   3.40282347e+38]
 [  3.40282347e+38   3.40282347e+38   3.40282347e+38 ...,   3.40282347e+38
    3.40282347e+38   3.40282347e+38]
 [  3.40282347e+38   3.40282347e+38   3.40282347e+38 ...,   3.40282347e+38
    3.40282347e+38   3.40282347e+38]
 ..., 
 [  3.40282347e+38   3.40282347e+38   3.40282347e+38 ...,   3.40282347e+38
    3.40282347e+38   3.40282347e+38]
 [  3.40282347e+38   3.40282347e+38   3.40282347e+38 ...,   3.40282347e+38
    3.40282347e+38   3.40282347e+38]
 [  3.40282347e+38   3.40282347e+38   3.40282347e+38 ...,   3.40282347e+38
    3.40282347e+38   3.40282347e+38]]
done with 1+++++++++++++++++++++++++++++++++++++++++++++++++++
landsat4.tif shae (272, 270)
landsat3.tif shae (272, 270)
before landsat4 shape is  (272, 270)
day is  0719
day is  0720
COLLECT DATA SHAPES:  (272, 270) (272, 270) (272, 270) (272, 270) (272, 270) (272, 270) (272, 270) (272, 270)
firetuple shape is  8
toaugment shape  (272, 270, 10)
x is (10, 274, 272)
False
days is  ['0719', '0720']
other layers are (274, 272, 2) [[[ nan  nan]
  [ nan  nan]
  [ nan  nan]
  ..., 
  [ nan  nan]
  [ nan  nan]
  [ nan  nan]]

 [[ nan  nan]
  [ nan  nan]
  [ nan  nan]
  ..., 
  [ nan  nan]
  [ nan  nan]
  [ nan  nan]]

 [[ nan  nan]
  [ nan  nan]
  [ nan  nan]
  ..., 
  [ nan  nan]
  [ nan  nan]
  [ nan  nan]]

 ..., 
 [[ nan  nan]
  [ nan  nan]
  [ nan  nan]
  ..., 
  [ nan  nan]
  [ nan  nan]
  [ nan  nan]]

 [[ nan  nan]
  [ nan  nan]
  [ nan  nan]
  ..., 
  [ nan  nan]
  [ nan  nan]
  [ nan  nan]]

 [[ nan  nan]
  [ nan  nan]
  [ nan  nan]
  ..., 
  [ nan  nan]
  [ nan  nan]
  [ nan  nan]]]
landsat shape is  (274, 272, 4)
[[[ nan  nan  nan  nan]
  [ nan  nan  nan  nan]
  [ nan  nan  nan  nan]
  ..., 
  [ nan  nan  nan  nan]
  [ nan  nan  nan  nan]
  [ nan  nan  nan  nan]]

 [[ nan  nan  nan  nan]
  [ nan  nan  nan  nan]
  [ nan  nan  nan  nan]
  ..., 
  [ nan  nan  nan  nan]
  [ nan  nan  nan  nan]
  [ nan  nan  nan  nan]]

 [[ nan  nan  nan  nan]
  [ nan  nan  nan  nan]
  [ nan  nan  nan  nan]
  ..., 
  [ nan  nan  nan  nan]
  [ nan  nan  nan  nan]
  [ nan  nan  nan  nan]]

 ..., 
 [[ nan  nan  nan  nan]
  [ nan  nan  nan  nan]
  [ nan  nan  nan  nan]
  ..., 
  [ nan  nan  nan  nan]
  [ nan  nan  nan  nan]
  [ nan  nan  nan  nan]]

 [[ nan  nan  nan  nan]
  [ nan  nan  nan  nan]
  [ nan  nan  nan  nan]
  ..., 
  [ nan  nan  nan  nan]
  [ nan  nan  nan  nan]
  [ nan  nan  nan  nan]]

 [[ nan  nan  nan  nan]
  [ nan  nan  nan  nan]
  [ nan  nan  nan  nan]
  ..., 
  [ nan  nan  nan  nan]
  [ nan  nan  nan  nan]
  [ nan  nan  nan  nan]]]
current dir is  ['.DS_Store', 'main.sbatch', 'output.zip', 'band2lookatthis.csv', 'loadmodules.sh', '.gitignore', 'res.csv', 'main.py', 'landsatrightbeforesavetif.csv', 'view.py', 'augment_output.out', '.git', 'landsat2directlyafterrandomtransformcall.csv', 'README.md', 'augment.py', 'lib', 'data', 'main_out.out', 'models', 'output', 'augment.sbatch', '._main.py']
datatype of saveimg is  float32
to save shape is (274, 272)
max is  3.40282e+38
after conversions [[  3.40282347e+38   3.40282347e+38   3.40282347e+38 ...,   3.40282347e+38
    3.40282347e+38   3.40282347e+38]
 [  3.40282347e+38   3.40282347e+38   3.40282347e+38 ...,   3.40282347e+38
    3.40282347e+38   3.40282347e+38]
 [  3.40282347e+38   3.40282347e+38   3.40282347e+38 ...,   3.40282347e+38
    3.40282347e+38   3.40282347e+38]
 ..., 
 [  3.40282347e+38   3.40282347e+38   3.40282347e+38 ...,   3.40282347e+38
    3.40282347e+38   3.40282347e+38]
 [  3.40282347e+38   3.40282347e+38   3.40282347e+38 ...,   3.40282347e+38
    3.40282347e+38   3.40282347e+38]
 [  3.40282347e+38   3.40282347e+38   3.40282347e+38 ...,   3.40282347e+38
    3.40282347e+38   3.40282347e+38]]
datatype of saveimg is  float32
to save shape is (274, 272)
max is  3.40282e+38
after conversions [[  3.40282347e+38   3.40282347e+38   3.40282347e+38 ...,   3.40282347e+38
    3.40282347e+38   3.40282347e+38]
 [  3.40282347e+38   3.40282347e+38   3.40282347e+38 ...,   3.40282347e+38
    3.40282347e+38   3.40282347e+38]
 [  3.40282347e+38   3.40282347e+38   3.40282347e+38 ...,   3.40282347e+38
    3.40282347e+38   3.40282347e+38]
 ..., 
 [  3.40282347e+38   3.40282347e+38   3.40282347e+38 ...,   3.40282347e+38
    3.40282347e+38   3.40282347e+38]
 [  3.40282347e+38   3.40282347e+38   3.40282347e+38 ...,   3.40282347e+38
    3.40282347e+38   3.40282347e+38]
 [  3.40282347e+38   3.40282347e+38   3.40282347e+38 ...,   3.40282347e+38
    3.40282347e+38   3.40282347e+38]]
datatype of saveimg is  float32
to save shape is (274, 272)
max is  3.40282e+38
after conversions [[  3.40282347e+38   3.40282347e+38   3.40282347e+38 ...,   3.40282347e+38
    3.40282347e+38   3.40282347e+38]
 [  3.40282347e+38   3.40282347e+38   3.40282347e+38 ...,   3.40282347e+38
    3.40282347e+38   3.40282347e+38]
 [  3.40282347e+38   3.40282347e+38   3.40282347e+38 ...,   3.40282347e+38
    3.40282347e+38   3.40282347e+38]
 ..., 
 [  3.40282347e+38   3.40282347e+38   3.40282347e+38 ...,   3.40282347e+38
    3.40282347e+38   3.40282347e+38]
 [  3.40282347e+38   3.40282347e+38   3.40282347e+38 ...,   3.40282347e+38
    3.40282347e+38   3.40282347e+38]
 [  3.40282347e+38   3.40282347e+38   3.40282347e+38 ...,   3.40282347e+38
    3.40282347e+38   3.40282347e+38]]
datatype of saveimg is  float32
to save shape is (274, 272)
max is  3.40282e+38
after conversions [[  3.40282347e+38   3.40282347e+38   3.40282347e+38 ...,   3.40282347e+38
    3.40282347e+38   3.40282347e+38]
 [  3.40282347e+38   3.40282347e+38   3.40282347e+38 ...,   3.40282347e+38
    3.40282347e+38   3.40282347e+38]
 [  3.40282347e+38   3.40282347e+38   3.40282347e+38 ...,   3.40282347e+38
    3.40282347e+38   3.40282347e+38]
 ..., 
 [  3.40282347e+38   3.40282347e+38   3.40282347e+38 ...,   3.40282347e+38
    3.40282347e+38   3.40282347e+38]
 [  3.40282347e+38   3.40282347e+38   3.40282347e+38 ...,   3.40282347e+38
    3.40282347e+38   3.40282347e+38]
 [  3.40282347e+38   3.40282347e+38   3.40282347e+38 ...,   3.40282347e+38
    3.40282347e+38   3.40282347e+38]]
datatype of saveimg is  float32
to save shape is (274, 272)
max is  3.40282e+38
after conversions [[  3.40282347e+38   3.40282347e+38   3.40282347e+38 ...,   3.40282347e+38
    3.40282347e+38   3.40282347e+38]
 [  3.40282347e+38   3.40282347e+38   3.40282347e+38 ...,   3.40282347e+38
    3.40282347e+38   3.40282347e+38]
 [  3.40282347e+38   3.40282347e+38   3.40282347e+38 ...,   3.40282347e+38
    3.40282347e+38   3.40282347e+38]
 ..., 
 [  3.40282347e+38   3.40282347e+38   3.40282347e+38 ...,   3.40282347e+38
    3.40282347e+38   3.40282347e+38]
 [  3.40282347e+38   3.40282347e+38   3.40282347e+38 ...,   3.40282347e+38
    3.40282347e+38   3.40282347e+38]
 [  3.40282347e+38   3.40282347e+38   3.40282347e+38 ...,   3.40282347e+38
    3.40282347e+38   3.40282347e+38]]
datatype of saveimg is  float32
to save shape is (274, 272)
max is  3.40282e+38
after conversions [[  3.40282347e+38   3.40282347e+38   3.40282347e+38 ...,   3.40282347e+38
    3.40282347e+38   3.40282347e+38]
 [  3.40282347e+38   3.40282347e+38   3.40282347e+38 ...,   3.40282347e+38
    3.40282347e+38   3.40282347e+38]
 [  3.40282347e+38   3.40282347e+38   3.40282347e+38 ...,   3.40282347e+38
    3.40282347e+38   3.40282347e+38]
 ..., 
 [  3.40282347e+38   3.40282347e+38   3.40282347e+38 ...,   3.40282347e+38
    3.40282347e+38   3.40282347e+38]
 [  3.40282347e+38   3.40282347e+38   3.40282347e+38 ...,   3.40282347e+38
    3.40282347e+38   3.40282347e+38]
 [  3.40282347e+38   3.40282347e+38   3.40282347e+38 ...,   3.40282347e+38
    3.40282347e+38   3.40282347e+38]]
datatype of saveimg is  float32
to save shape is (274, 272)
max is  3.40282e+38
after conversions [[  3.40282347e+38   3.40282347e+38   3.40282347e+38 ...,   3.40282347e+38
    3.40282347e+38   3.40282347e+38]
 [  3.40282347e+38   3.40282347e+38   3.40282347e+38 ...,   3.40282347e+38
    3.40282347e+38   3.40282347e+38]
 [  3.40282347e+38   3.40282347e+38   3.40282347e+38 ...,   3.40282347e+38
    3.40282347e+38   3.40282347e+38]
 ..., 
 [  3.40282347e+38   3.40282347e+38   3.40282347e+38 ...,   3.40282347e+38
    3.40282347e+38   3.40282347e+38]
 [  3.40282347e+38   3.40282347e+38   3.40282347e+38 ...,   3.40282347e+38
    3.40282347e+38   3.40282347e+38]
 [  3.40282347e+38   3.40282347e+38   3.40282347e+38 ...,   3.40282347e+38
    3.40282347e+38   3.40282347e+38]]
datatype of saveimg is  float32
to save shape is (274, 272)
max is  3.40282e+38
after conversions [[  3.40282347e+38   3.40282347e+38   3.40282347e+38 ...,   3.40282347e+38
    3.40282347e+38   3.40282347e+38]
 [  3.40282347e+38   3.40282347e+38   3.40282347e+38 ...,   3.40282347e+38
    3.40282347e+38   3.40282347e+38]
 [  3.40282347e+38   3.40282347e+38   3.40282347e+38 ...,   3.40282347e+38
    3.40282347e+38   3.40282347e+38]
 ..., 
 [  3.40282347e+38   3.40282347e+38   3.40282347e+38 ...,   3.40282347e+38
    3.40282347e+38   3.40282347e+38]
 [  3.40282347e+38   3.40282347e+38   3.40282347e+38 ...,   3.40282347e+38
    3.40282347e+38   3.40282347e+38]
 [  3.40282347e+38   3.40282347e+38   3.40282347e+38 ...,   3.40282347e+38
    3.40282347e+38   3.40282347e+38]]
datatype of saveimg is  float32
to save shape is (274, 272)
max is  3.40282e+38
after conversions [[  3.40282347e+38   3.40282347e+38   3.40282347e+38 ...,   3.40282347e+38
    3.40282347e+38   3.40282347e+38]
 [  3.40282347e+38   3.40282347e+38   3.40282347e+38 ...,   3.40282347e+38
    3.40282347e+38   3.40282347e+38]
 [  3.40282347e+38   3.40282347e+38   3.40282347e+38 ...,   3.40282347e+38
    3.40282347e+38   3.40282347e+38]
 ..., 
 [  3.40282347e+38   3.40282347e+38   3.40282347e+38 ...,   3.40282347e+38
    3.40282347e+38   3.40282347e+38]
 [  3.40282347e+38   3.40282347e+38   3.40282347e+38 ...,   3.40282347e+38
    3.40282347e+38   3.40282347e+38]
 [  3.40282347e+38   3.40282347e+38   3.40282347e+38 ...,   3.40282347e+38
    3.40282347e+38   3.40282347e+38]]
done with 1+++++++++++++++++++++++++++++++++++++++++++++++++++
landsat4.tif shae (416, 334)
landsat3.tif shae (416, 334)
before landsat4 shape is  (416, 334)
day is  0628
day is  0629
day is  0630
COLLECT DATA SHAPES:  (416, 334) (416, 334) (416, 334) (416, 334) (416, 334) (416, 334) (416, 334) (416, 334)
firetuple shape is  8
toaugment shape  (416, 334, 11)
x is (11, 418, 336)
False
days is  ['0628', '0629', '0630']
other layers are (418, 336, 3) [[[ nan  nan  nan]
  [ nan  nan  nan]
  [ nan  nan  nan]
  ..., 
  [ nan  nan  nan]
  [ nan  nan  nan]
  [ nan  nan  nan]]

 [[ nan  nan  nan]
  [ nan  nan  nan]
  [ nan  nan  nan]
  ..., 
  [ nan  nan  nan]
  [ nan  nan  nan]
  [ nan  nan  nan]]

 [[ nan  nan  nan]
  [ nan  nan  nan]
  [ nan  nan  nan]
  ..., 
  [ nan  nan  nan]
  [ nan  nan  nan]
  [ nan  nan  nan]]

 ..., 
 [[ nan  nan  nan]
  [ nan  nan  nan]
  [ nan  nan  nan]
  ..., 
  [ nan  nan  nan]
  [ nan  nan  nan]
  [ nan  nan  nan]]

 [[ nan  nan  nan]
  [ nan  nan  nan]
  [ nan  nan  nan]
  ..., 
  [ nan  nan  nan]
  [ nan  nan  nan]
  [ nan  nan  nan]]

 [[ nan  nan  nan]
  [ nan  nan  nan]
  [ nan  nan  nan]
  ..., 
  [ nan  nan  nan]
  [ nan  nan  nan]
  [ nan  nan  nan]]]
landsat shape is  (418, 336, 4)
[[[ nan  nan  nan  nan]
  [ nan  nan  nan  nan]
  [ nan  nan  nan  nan]
  ..., 
  [ nan  nan  nan  nan]
  [ nan  nan  nan  nan]
  [ nan  nan  nan  nan]]

 [[ nan  nan  nan  nan]
  [ nan  nan  nan  nan]
  [ nan  nan  nan  nan]
  ..., 
  [ nan  nan  nan  nan]
  [ nan  nan  nan  nan]
  [ nan  nan  nan  nan]]

 [[ nan  nan  nan  nan]
  [ nan  nan  nan  nan]
  [ nan  nan  nan  nan]
  ..., 
  [ nan  nan  nan  nan]
  [ nan  nan  nan  nan]
  [ nan  nan  nan  nan]]

 ..., 
 [[ nan  nan  nan  nan]
  [ nan  nan  nan  nan]
  [ nan  nan  nan  nan]
  ..., 
  [ nan  nan  nan  nan]
  [ nan  nan  nan  nan]
  [ nan  nan  nan  nan]]

 [[ nan  nan  nan  nan]
  [ nan  nan  nan  nan]
  [ nan  nan  nan  nan]
  ..., 
  [ nan  nan  nan  nan]
  [ nan  nan  nan  nan]
  [ nan  nan  nan  nan]]

 [[ nan  nan  nan  nan]
  [ nan  nan  nan  nan]
  [ nan  nan  nan  nan]
  ..., 
  [ nan  nan  nan  nan]
  [ nan  nan  nan  nan]
  [ nan  nan  nan  nan]]]
current dir is  ['.DS_Store', 'main.sbatch', 'output.zip', 'band2lookatthis.csv', 'loadmodules.sh', '.gitignore', 'res.csv', 'main.py', 'landsatrightbeforesavetif.csv', 'view.py', 'augment_output.out', '.git', 'landsat2directlyafterrandomtransformcall.csv', 'README.md', 'augment.py', 'lib', 'data', 'main_out.out', 'models', 'output', 'augment.sbatch', '._main.py']
datatype of saveimg is  float32
to save shape is (418, 336)
max is  3.40282e+38
after conversions [[  3.40282347e+38   3.40282347e+38   3.40282347e+38 ...,   3.40282347e+38
    3.40282347e+38   3.40282347e+38]
 [  3.40282347e+38   3.40282347e+38   3.40282347e+38 ...,   3.40282347e+38
    3.40282347e+38   3.40282347e+38]
 [  3.40282347e+38   3.40282347e+38   3.40282347e+38 ...,   3.40282347e+38
    3.40282347e+38   3.40282347e+38]
 ..., 
 [  3.40282347e+38   3.40282347e+38   3.40282347e+38 ...,   3.40282347e+38
    3.40282347e+38   3.40282347e+38]
 [  3.40282347e+38   3.40282347e+38   3.40282347e+38 ...,   3.40282347e+38
    3.40282347e+38   3.40282347e+38]
 [  3.40282347e+38   3.40282347e+38   3.40282347e+38 ...,   3.40282347e+38
    3.40282347e+38   3.40282347e+38]]
datatype of saveimg is  float32
to save shape is (418, 336)
max is  3.40282e+38
after conversions [[  3.40282347e+38   3.40282347e+38   3.40282347e+38 ...,   3.40282347e+38
    3.40282347e+38   3.40282347e+38]
 [  3.40282347e+38   3.40282347e+38   3.40282347e+38 ...,   3.40282347e+38
    3.40282347e+38   3.40282347e+38]
 [  3.40282347e+38   3.40282347e+38   3.40282347e+38 ...,   3.40282347e+38
    3.40282347e+38   3.40282347e+38]
 ..., 
 [  3.40282347e+38   3.40282347e+38   3.40282347e+38 ...,   3.40282347e+38
    3.40282347e+38   3.40282347e+38]
 [  3.40282347e+38   3.40282347e+38   3.40282347e+38 ...,   3.40282347e+38
    3.40282347e+38   3.40282347e+38]
 [  3.40282347e+38   3.40282347e+38   3.40282347e+38 ...,   3.40282347e+38
    3.40282347e+38   3.40282347e+38]]
datatype of saveimg is  float32
to save shape is (418, 336)
max is  3.40282e+38
after conversions [[  3.40282347e+38   3.40282347e+38   3.40282347e+38 ...,   3.40282347e+38
    3.40282347e+38   3.40282347e+38]
 [  3.40282347e+38   3.40282347e+38   3.40282347e+38 ...,   3.40282347e+38
    3.40282347e+38   3.40282347e+38]
 [  3.40282347e+38   3.40282347e+38   3.40282347e+38 ...,   3.40282347e+38
    3.40282347e+38   3.40282347e+38]
 ..., 
 [  3.40282347e+38   3.40282347e+38   3.40282347e+38 ...,   3.40282347e+38
    3.40282347e+38   3.40282347e+38]
 [  3.40282347e+38   3.40282347e+38   3.40282347e+38 ...,   3.40282347e+38
    3.40282347e+38   3.40282347e+38]
 [  3.40282347e+38   3.40282347e+38   3.40282347e+38 ...,   3.40282347e+38
    3.40282347e+38   3.40282347e+38]]
datatype of saveimg is  float32
to save shape is (418, 336)
max is  3.40282e+38
after conversions [[  3.40282347e+38   3.40282347e+38   3.40282347e+38 ...,   3.40282347e+38
    3.40282347e+38   3.40282347e+38]
 [  3.40282347e+38   3.40282347e+38   3.40282347e+38 ...,   3.40282347e+38
    3.40282347e+38   3.40282347e+38]
 [  3.40282347e+38   3.40282347e+38   3.40282347e+38 ...,   3.40282347e+38
    3.40282347e+38   3.40282347e+38]
 ..., 
 [  3.40282347e+38   3.40282347e+38   3.40282347e+38 ...,   3.40282347e+38
    3.40282347e+38   3.40282347e+38]
 [  3.40282347e+38   3.40282347e+38   3.40282347e+38 ...,   3.40282347e+38
    3.40282347e+38   3.40282347e+38]
 [  3.40282347e+38   3.40282347e+38   3.40282347e+38 ...,   3.40282347e+38
    3.40282347e+38   3.40282347e+38]]
datatype of saveimg is  float32
to save shape is (418, 336)
max is  3.40282e+38
after conversions [[  3.40282347e+38   3.40282347e+38   3.40282347e+38 ...,   3.40282347e+38
    3.40282347e+38   3.40282347e+38]
 [  3.40282347e+38   3.40282347e+38   3.40282347e+38 ...,   3.40282347e+38
    3.40282347e+38   3.40282347e+38]
 [  3.40282347e+38   3.40282347e+38   3.40282347e+38 ...,   3.40282347e+38
    3.40282347e+38   3.40282347e+38]
 ..., 
 [  3.40282347e+38   3.40282347e+38   3.40282347e+38 ...,   3.40282347e+38
    3.40282347e+38   3.40282347e+38]
 [  3.40282347e+38   3.40282347e+38   3.40282347e+38 ...,   3.40282347e+38
    3.40282347e+38   3.40282347e+38]
 [  3.40282347e+38   3.40282347e+38   3.40282347e+38 ...,   3.40282347e+38
    3.40282347e+38   3.40282347e+38]]
datatype of saveimg is  float32
to save shape is (418, 336)
max is  3.40282e+38
after conversions [[  3.40282347e+38   3.40282347e+38   3.40282347e+38 ...,   3.40282347e+38
    3.40282347e+38   3.40282347e+38]
 [  3.40282347e+38   3.40282347e+38   3.40282347e+38 ...,   3.40282347e+38
    3.40282347e+38   3.40282347e+38]
 [  3.40282347e+38   3.40282347e+38   3.40282347e+38 ...,   3.40282347e+38
    3.40282347e+38   3.40282347e+38]
 ..., 
 [  3.40282347e+38   3.40282347e+38   3.40282347e+38 ...,   3.40282347e+38
    3.40282347e+38   3.40282347e+38]
 [  3.40282347e+38   3.40282347e+38   3.40282347e+38 ...,   3.40282347e+38
    3.40282347e+38   3.40282347e+38]
 [  3.40282347e+38   3.40282347e+38   3.40282347e+38 ...,   3.40282347e+38
    3.40282347e+38   3.40282347e+38]]
datatype of saveimg is  float32
to save shape is (418, 336)
max is  3.40282e+38
after conversions [[  3.40282347e+38   3.40282347e+38   3.40282347e+38 ...,   3.40282347e+38
    3.40282347e+38   3.40282347e+38]
 [  3.40282347e+38   3.40282347e+38   3.40282347e+38 ...,   3.40282347e+38
    3.40282347e+38   3.40282347e+38]
 [  3.40282347e+38   3.40282347e+38   3.40282347e+38 ...,   3.40282347e+38
    3.40282347e+38   3.40282347e+38]
 ..., 
 [  3.40282347e+38   3.40282347e+38   3.40282347e+38 ...,   3.40282347e+38
    3.40282347e+38   3.40282347e+38]
 [  3.40282347e+38   3.40282347e+38   3.40282347e+38 ...,   3.40282347e+38
    3.40282347e+38   3.40282347e+38]
 [  3.40282347e+38   3.40282347e+38   3.40282347e+38 ...,   3.40282347e+38
    3.40282347e+38   3.40282347e+38]]
datatype of saveimg is  float32
to save shape is (418, 336)
max is  3.40282e+38
after conversions [[  3.40282347e+38   3.40282347e+38   3.40282347e+38 ...,   3.40282347e+38
    3.40282347e+38   3.40282347e+38]
 [  3.40282347e+38   3.40282347e+38   3.40282347e+38 ...,   3.40282347e+38
    3.40282347e+38   3.40282347e+38]
 [  3.40282347e+38   3.40282347e+38   3.40282347e+38 ...,   3.40282347e+38
    3.40282347e+38   3.40282347e+38]
 ..., 
 [  3.40282347e+38   3.40282347e+38   3.40282347e+38 ...,   3.40282347e+38
    3.40282347e+38   3.40282347e+38]
 [  3.40282347e+38   3.40282347e+38   3.40282347e+38 ...,   3.40282347e+38
    3.40282347e+38   3.40282347e+38]
 [  3.40282347e+38   3.40282347e+38   3.40282347e+38 ...,   3.40282347e+38
    3.40282347e+38   3.40282347e+38]]
datatype of saveimg is  float32
to save shape is (418, 336)
max is  3.40282e+38
after conversions [[  3.40282347e+38   3.40282347e+38   3.40282347e+38 ...,   3.40282347e+38
    3.40282347e+38   3.40282347e+38]
 [  3.40282347e+38   3.40282347e+38   3.40282347e+38 ...,   3.40282347e+38
    3.40282347e+38   3.40282347e+38]
 [  3.40282347e+38   3.40282347e+38   3.40282347e+38 ...,   3.40282347e+38
    3.40282347e+38   3.40282347e+38]
 ..., 
 [  3.40282347e+38   3.40282347e+38   3.40282347e+38 ...,   3.40282347e+38
    3.40282347e+38   3.40282347e+38]
 [  3.40282347e+38   3.40282347e+38   3.40282347e+38 ...,   3.40282347e+38
    3.40282347e+38   3.40282347e+38]
 [  3.40282347e+38   3.40282347e+38   3.40282347e+38 ...,   3.40282347e+38
    3.40282347e+38   3.40282347e+38]]
datatype of saveimg is  float32
to save shape is (418, 336)
max is  3.40282e+38
after conversions [[  3.40282347e+38   3.40282347e+38   3.40282347e+38 ...,   3.40282347e+38
    3.40282347e+38   3.40282347e+38]
 [  3.40282347e+38   3.40282347e+38   3.40282347e+38 ...,   3.40282347e+38
    3.40282347e+38   3.40282347e+38]
 [  3.40282347e+38   3.40282347e+38   3.40282347e+38 ...,   3.40282347e+38
    3.40282347e+38   3.40282347e+38]
 ..., 
 [  3.40282347e+38   3.40282347e+38   3.40282347e+38 ...,   3.40282347e+38
    3.40282347e+38   3.40282347e+38]
 [  3.40282347e+38   3.40282347e+38   3.40282347e+38 ...,   3.40282347e+38
    3.40282347e+38   3.40282347e+38]
 [  3.40282347e+38   3.40282347e+38   3.40282347e+38 ...,   3.40282347e+38
    3.40282347e+38   3.40282347e+38]]
done with 1+++++++++++++++++++++++++++++++++++++++++++++++++++
landsat4.tif shae (272, 270)
landsat3.tif shae (272, 270)
before landsat4 shape is  (272, 270)
day is  0719
day is  0720
COLLECT DATA SHAPES:  (272, 270) (272, 270) (272, 270) (272, 270) (272, 270) (272, 270) (272, 270) (272, 270)
firetuple shape is  8
toaugment shape  (272, 270, 10)
x is (10, 274, 272)
False
days is  ['0719', '0720']
other layers are (274, 272, 2) [[[ nan  nan]
  [ nan  nan]
  [ nan  nan]
  ..., 
  [ nan  nan]
  [ nan  nan]
  [ nan  nan]]

 [[ nan  nan]
  [ nan  nan]
  [ nan  nan]
  ..., 
  [ nan  nan]
  [ nan  nan]
  [ nan  nan]]

 [[ nan  nan]
  [ nan  nan]
  [ nan  nan]
  ..., 
  [ nan  nan]
  [ nan  nan]
  [ nan  nan]]

 ..., 
 [[ nan  nan]
  [ nan  nan]
  [ nan  nan]
  ..., 
  [ nan  nan]
  [ nan  nan]
  [ nan  nan]]

 [[ nan  nan]
  [ nan  nan]
  [ nan  nan]
  ..., 
  [ nan  nan]
  [ nan  nan]
  [ nan  nan]]

 [[ nan  nan]
  [ nan  nan]
  [ nan  nan]
  ..., 
  [ nan  nan]
  [ nan  nan]
  [ nan  nan]]]
landsat shape is  (274, 272, 4)
[[[ nan  nan  nan  nan]
  [ nan  nan  nan  nan]
  [ nan  nan  nan  nan]
  ..., 
  [ nan  nan  nan  nan]
  [ nan  nan  nan  nan]
  [ nan  nan  nan  nan]]

 [[ nan  nan  nan  nan]
  [ nan  nan  nan  nan]
  [ nan  nan  nan  nan]
  ..., 
  [ nan  nan  nan  nan]
  [ nan  nan  nan  nan]
  [ nan  nan  nan  nan]]

 [[ nan  nan  nan  nan]
  [ nan  nan  nan  nan]
  [ nan  nan  nan  nan]
  ..., 
  [ nan  nan  nan  nan]
  [ nan  nan  nan  nan]
  [ nan  nan  nan  nan]]

 ..., 
 [[ nan  nan  nan  nan]
  [ nan  nan  nan  nan]
  [ nan  nan  nan  nan]
  ..., 
  [ nan  nan  nan  nan]
  [ nan  nan  nan  nan]
  [ nan  nan  nan  nan]]

 [[ nan  nan  nan  nan]
  [ nan  nan  nan  nan]
  [ nan  nan  nan  nan]
  ..., 
  [ nan  nan  nan  nan]
  [ nan  nan  nan  nan]
  [ nan  nan  nan  nan]]

 [[ nan  nan  nan  nan]
  [ nan  nan  nan  nan]
  [ nan  nan  nan  nan]
  ..., 
  [ nan  nan  nan  nan]
  [ nan  nan  nan  nan]
  [ nan  nan  nan  nan]]]
current dir is  ['.DS_Store', 'main.sbatch', 'output.zip', 'band2lookatthis.csv', 'loadmodules.sh', '.gitignore', 'res.csv', 'main.py', 'landsatrightbeforesavetif.csv', 'view.py', 'augment_output.out', '.git', 'landsat2directlyafterrandomtransformcall.csv', 'README.md', 'augment.py', 'lib', 'data', 'main_out.out', 'models', 'output', 'augment.sbatch', '._main.py']
datatype of saveimg is  float32
to save shape is (274, 272)
max is  3.40282e+38
after conversions [[  3.40282347e+38   3.40282347e+38   3.40282347e+38 ...,   3.40282347e+38
    3.40282347e+38   3.40282347e+38]
 [  3.40282347e+38   3.40282347e+38   3.40282347e+38 ...,   3.40282347e+38
    3.40282347e+38   3.40282347e+38]
 [  3.40282347e+38   3.40282347e+38   3.40282347e+38 ...,   3.40282347e+38
    3.40282347e+38   3.40282347e+38]
 ..., 
 [  3.40282347e+38   3.40282347e+38   3.40282347e+38 ...,   3.40282347e+38
    3.40282347e+38   3.40282347e+38]
 [  3.40282347e+38   3.40282347e+38   3.40282347e+38 ...,   3.40282347e+38
    3.40282347e+38   3.40282347e+38]
 [  3.40282347e+38   3.40282347e+38   3.40282347e+38 ...,   3.40282347e+38
    3.40282347e+38   3.40282347e+38]]
datatype of saveimg is  float32
to save shape is (274, 272)
max is  3.40282e+38
after conversions [[  3.40282347e+38   3.40282347e+38   3.40282347e+38 ...,   3.40282347e+38
    3.40282347e+38   3.40282347e+38]
 [  3.40282347e+38   3.40282347e+38   3.40282347e+38 ...,   3.40282347e+38
    3.40282347e+38   3.40282347e+38]
 [  3.40282347e+38   3.40282347e+38   3.40282347e+38 ...,   3.40282347e+38
    3.40282347e+38   3.40282347e+38]
 ..., 
 [  3.40282347e+38   3.40282347e+38   3.40282347e+38 ...,   3.40282347e+38
    3.40282347e+38   3.40282347e+38]
 [  3.40282347e+38   3.40282347e+38   3.40282347e+38 ...,   3.40282347e+38
    3.40282347e+38   3.40282347e+38]
 [  3.40282347e+38   3.40282347e+38   3.40282347e+38 ...,   3.40282347e+38
    3.40282347e+38   3.40282347e+38]]
datatype of saveimg is  float32
to save shape is (274, 272)
max is  3.40282e+38
after conversions [[  3.40282347e+38   3.40282347e+38   3.40282347e+38 ...,   3.40282347e+38
    3.40282347e+38   3.40282347e+38]
 [  3.40282347e+38   3.40282347e+38   3.40282347e+38 ...,   3.40282347e+38
    3.40282347e+38   3.40282347e+38]
 [  3.40282347e+38   3.40282347e+38   3.40282347e+38 ...,   3.40282347e+38
    3.40282347e+38   3.40282347e+38]
 ..., 
 [  3.40282347e+38   3.40282347e+38   3.40282347e+38 ...,   3.40282347e+38
    3.40282347e+38   3.40282347e+38]
 [  3.40282347e+38   3.40282347e+38   3.40282347e+38 ...,   3.40282347e+38
    3.40282347e+38   3.40282347e+38]
 [  3.40282347e+38   3.40282347e+38   3.40282347e+38 ...,   3.40282347e+38
    3.40282347e+38   3.40282347e+38]]
datatype of saveimg is  float32
to save shape is (274, 272)
max is  3.40282e+38
after conversions [[  3.40282347e+38   3.40282347e+38   3.40282347e+38 ...,   3.40282347e+38
    3.40282347e+38   3.40282347e+38]
 [  3.40282347e+38   3.40282347e+38   3.40282347e+38 ...,   3.40282347e+38
    3.40282347e+38   3.40282347e+38]
 [  3.40282347e+38   3.40282347e+38   3.40282347e+38 ...,   3.40282347e+38
    3.40282347e+38   3.40282347e+38]
 ..., 
 [  3.40282347e+38   3.40282347e+38   3.40282347e+38 ...,   3.40282347e+38
    3.40282347e+38   3.40282347e+38]
 [  3.40282347e+38   3.40282347e+38   3.40282347e+38 ...,   3.40282347e+38
    3.40282347e+38   3.40282347e+38]
 [  3.40282347e+38   3.40282347e+38   3.40282347e+38 ...,   3.40282347e+38
    3.40282347e+38   3.40282347e+38]]
datatype of saveimg is  float32
to save shape is (274, 272)
max is  3.40282e+38
after conversions [[  3.40282347e+38   3.40282347e+38   3.40282347e+38 ...,   3.40282347e+38
    3.40282347e+38   3.40282347e+38]
 [  3.40282347e+38   3.40282347e+38   3.40282347e+38 ...,   3.40282347e+38
    3.40282347e+38   3.40282347e+38]
 [  3.40282347e+38   3.40282347e+38   3.40282347e+38 ...,   3.40282347e+38
    3.40282347e+38   3.40282347e+38]
 ..., 
 [  3.40282347e+38   3.40282347e+38   3.40282347e+38 ...,   3.40282347e+38
    3.40282347e+38   3.40282347e+38]
 [  3.40282347e+38   3.40282347e+38   3.40282347e+38 ...,   3.40282347e+38
    3.40282347e+38   3.40282347e+38]
 [  3.40282347e+38   3.40282347e+38   3.40282347e+38 ...,   3.40282347e+38
    3.40282347e+38   3.40282347e+38]]
datatype of saveimg is  float32
to save shape is (274, 272)
max is  3.40282e+38
after conversions [[  3.40282347e+38   3.40282347e+38   3.40282347e+38 ...,   3.40282347e+38
    3.40282347e+38   3.40282347e+38]
 [  3.40282347e+38   3.40282347e+38   3.40282347e+38 ...,   3.40282347e+38
    3.40282347e+38   3.40282347e+38]
 [  3.40282347e+38   3.40282347e+38   3.40282347e+38 ...,   3.40282347e+38
    3.40282347e+38   3.40282347e+38]
 ..., 
 [  3.40282347e+38   3.40282347e+38   3.40282347e+38 ...,   3.40282347e+38
    3.40282347e+38   3.40282347e+38]
 [  3.40282347e+38   3.40282347e+38   3.40282347e+38 ...,   3.40282347e+38
    3.40282347e+38   3.40282347e+38]
 [  3.40282347e+38   3.40282347e+38   3.40282347e+38 ...,   3.40282347e+38
    3.40282347e+38   3.40282347e+38]]
datatype of saveimg is  float32
to save shape is (274, 272)
max is  3.40282e+38
after conversions [[  3.40282347e+38   3.40282347e+38   3.40282347e+38 ...,   3.40282347e+38
    3.40282347e+38   3.40282347e+38]
 [  3.40282347e+38   3.40282347e+38   3.40282347e+38 ...,   3.40282347e+38
    3.40282347e+38   3.40282347e+38]
 [  3.40282347e+38   3.40282347e+38   3.40282347e+38 ...,   3.40282347e+38
    3.40282347e+38   3.40282347e+38]
 ..., 
 [  3.40282347e+38   3.40282347e+38   3.40282347e+38 ...,   3.40282347e+38
    3.40282347e+38   3.40282347e+38]
 [  3.40282347e+38   3.40282347e+38   3.40282347e+38 ...,   3.40282347e+38
    3.40282347e+38   3.40282347e+38]
 [  3.40282347e+38   3.40282347e+38   3.40282347e+38 ...,   3.40282347e+38
    3.40282347e+38   3.40282347e+38]]
datatype of saveimg is  float32
to save shape is (274, 272)
max is  3.40282e+38
after conversions [[  3.40282347e+38   3.40282347e+38   3.40282347e+38 ...,   3.40282347e+38
    3.40282347e+38   3.40282347e+38]
 [  3.40282347e+38   3.40282347e+38   3.40282347e+38 ...,   3.40282347e+38
    3.40282347e+38   3.40282347e+38]
 [  3.40282347e+38   3.40282347e+38   3.40282347e+38 ...,   3.40282347e+38
    3.40282347e+38   3.40282347e+38]
 ..., 
 [  3.40282347e+38   3.40282347e+38   3.40282347e+38 ...,   3.40282347e+38
    3.40282347e+38   3.40282347e+38]
 [  3.40282347e+38   3.40282347e+38   3.40282347e+38 ...,   3.40282347e+38
    3.40282347e+38   3.40282347e+38]
 [  3.40282347e+38   3.40282347e+38   3.40282347e+38 ...,   3.40282347e+38
    3.40282347e+38   3.40282347e+38]]
datatype of saveimg is  float32
to save shape is (274, 272)
max is  3.40282e+38
after conversions [[  3.40282347e+38   3.40282347e+38   3.40282347e+38 ...,   3.40282347e+38
    3.40282347e+38   3.40282347e+38]
 [  3.40282347e+38   3.40282347e+38   3.40282347e+38 ...,   3.40282347e+38
    3.40282347e+38   3.40282347e+38]
 [  3.40282347e+38   3.40282347e+38   3.40282347e+38 ...,   3.40282347e+38
    3.40282347e+38   3.40282347e+38]
 ..., 
 [  3.40282347e+38   3.40282347e+38   3.40282347e+38 ...,   3.40282347e+38
    3.40282347e+38   3.40282347e+38]
 [  3.40282347e+38   3.40282347e+38   3.40282347e+38 ...,   3.40282347e+38
    3.40282347e+38   3.40282347e+38]
 [  3.40282347e+38   3.40282347e+38   3.40282347e+38 ...,   3.40282347e+38
    3.40282347e+38   3.40282347e+38]]
done with 1+++++++++++++++++++++++++++++++++++++++++++++++++++
